<?xml version="1.0" encoding="UTF-8"?>
<testsuite xmlns:xsi="http://www.w3.org/2001/XMLSchema-instance" xsi:noNamespaceSchemaLocation="https://maven.apache.org/surefire/maven-surefire-plugin/xsd/surefire-test-report-3.0.xsd" version="3.0" name="step_definitions.RunCukesTest" time="535.829" tests="133" errors="0" skipped="0" failures="0">
  <properties>
    <property name="sun.desktop" value="windows"/>
    <property name="awt.toolkit" value="sun.awt.windows.WToolkit"/>
    <property name="file.encoding.pkg" value="sun.io"/>
    <property name="java.specification.version" value="1.8"/>
    <property name="sun.cpu.isalist" value="pentium_pro+mmx pentium_pro pentium+mmx pentium i486 i386 i86"/>
    <property name="sun.jnu.encoding" value="Cp1252"/>
    <property name="java.class.path" value="A:\00BootcampAlterraAcademy\contohgroupproject2\New folder\ManagementMentee\target\test-classes;A:\00BootcampAlterraAcademy\contohgroupproject2\New folder\ManagementMentee\target\classes;C:\Users\shidiq182\.m2\repository\junit\junit\4.11\junit-4.11.jar;C:\Users\shidiq182\.m2\repository\org\hamcrest\hamcrest-core\1.3\hamcrest-core-1.3.jar;C:\Users\shidiq182\.m2\repository\org\seleniumhq\selenium\selenium-java\4.1.2\selenium-java-4.1.2.jar;C:\Users\shidiq182\.m2\repository\org\seleniumhq\selenium\selenium-api\4.1.2\selenium-api-4.1.2.jar;C:\Users\shidiq182\.m2\repository\org\seleniumhq\selenium\selenium-chrome-driver\4.1.2\selenium-chrome-driver-4.1.2.jar;C:\Users\shidiq182\.m2\repository\com\google\auto\service\auto-service-annotations\1.0.1\auto-service-annotations-1.0.1.jar;C:\Users\shidiq182\.m2\repository\com\google\auto\service\auto-service\1.0.1\auto-service-1.0.1.jar;C:\Users\shidiq182\.m2\repository\com\google\auto\auto-common\1.2\auto-common-1.2.jar;C:\Users\shidiq182\.m2\repository\com\google\guava\guava\31.0.1-jre\guava-31.0.1-jre.jar;C:\Users\shidiq182\.m2\repository\com\google\guava\failureaccess\1.0.1\failureaccess-1.0.1.jar;C:\Users\shidiq182\.m2\repository\com\google\guava\listenablefuture\9999.0-empty-to-avoid-conflict-with-guava\listenablefuture-9999.0-empty-to-avoid-conflict-with-guava.jar;C:\Users\shidiq182\.m2\repository\com\google\code\findbugs\jsr305\3.0.2\jsr305-3.0.2.jar;C:\Users\shidiq182\.m2\repository\org\checkerframework\checker-qual\3.12.0\checker-qual-3.12.0.jar;C:\Users\shidiq182\.m2\repository\com\google\errorprone\error_prone_annotations\2.7.1\error_prone_annotations-2.7.1.jar;C:\Users\shidiq182\.m2\repository\com\google\j2objc\j2objc-annotations\1.3\j2objc-annotations-1.3.jar;C:\Users\shidiq182\.m2\repository\org\seleniumhq\selenium\selenium-chromium-driver\4.1.2\selenium-chromium-driver-4.1.2.jar;C:\Users\shidiq182\.m2\repository\org\seleniumhq\selenium\selenium-json\4.1.2\selenium-json-4.1.2.jar;C:\Users\shidiq182\.m2\repository\org\seleniumhq\selenium\selenium-devtools-v85\4.1.2\selenium-devtools-v85-4.1.2.jar;C:\Users\shidiq182\.m2\repository\org\seleniumhq\selenium\selenium-devtools-v95\4.1.2\selenium-devtools-v95-4.1.2.jar;C:\Users\shidiq182\.m2\repository\org\seleniumhq\selenium\selenium-devtools-v96\4.1.2\selenium-devtools-v96-4.1.2.jar;C:\Users\shidiq182\.m2\repository\org\seleniumhq\selenium\selenium-devtools-v97\4.1.2\selenium-devtools-v97-4.1.2.jar;C:\Users\shidiq182\.m2\repository\org\seleniumhq\selenium\selenium-edge-driver\4.1.2\selenium-edge-driver-4.1.2.jar;C:\Users\shidiq182\.m2\repository\org\seleniumhq\selenium\selenium-firefox-driver\4.1.2\selenium-firefox-driver-4.1.2.jar;C:\Users\shidiq182\.m2\repository\org\seleniumhq\selenium\selenium-firefox-xpi-driver\4.1.2\selenium-firefox-xpi-driver-4.1.2.jar;C:\Users\shidiq182\.m2\repository\org\seleniumhq\selenium\selenium-ie-driver\4.1.2\selenium-ie-driver-4.1.2.jar;C:\Users\shidiq182\.m2\repository\org\seleniumhq\selenium\selenium-opera-driver\4.1.2\selenium-opera-driver-4.1.2.jar;C:\Users\shidiq182\.m2\repository\org\seleniumhq\selenium\selenium-remote-driver\4.1.2\selenium-remote-driver-4.1.2.jar;C:\Users\shidiq182\.m2\repository\com\beust\jcommander\1.82\jcommander-1.82.jar;C:\Users\shidiq182\.m2\repository\io\netty\netty-buffer\4.1.73.Final\netty-buffer-4.1.73.Final.jar;C:\Users\shidiq182\.m2\repository\io\netty\netty-codec-http\4.1.73.Final\netty-codec-http-4.1.73.Final.jar;C:\Users\shidiq182\.m2\repository\io\netty\netty-codec\4.1.73.Final\netty-codec-4.1.73.Final.jar;C:\Users\shidiq182\.m2\repository\io\netty\netty-handler\4.1.73.Final\netty-handler-4.1.73.Final.jar;C:\Users\shidiq182\.m2\repository\io\netty\netty-tcnative-classes\2.0.46.Final\netty-tcnative-classes-2.0.46.Final.jar;C:\Users\shidiq182\.m2\repository\io\netty\netty-common\4.1.73.Final\netty-common-4.1.73.Final.jar;C:\Users\shidiq182\.m2\repository\io\netty\netty-transport-classes-epoll\4.1.73.Final\netty-transport-classes-epoll-4.1.73.Final.jar;C:\Users\shidiq182\.m2\repository\io\netty\netty-transport-classes-kqueue\4.1.73.Final\netty-transport-classes-kqueue-4.1.73.Final.jar;C:\Users\shidiq182\.m2\repository\io\netty\netty-transport-native-epoll\4.1.73.Final\netty-transport-native-epoll-4.1.73.Final.jar;C:\Users\shidiq182\.m2\repository\io\netty\netty-transport-native-kqueue\4.1.73.Final\netty-transport-native-kqueue-4.1.73.Final.jar;C:\Users\shidiq182\.m2\repository\io\netty\netty-transport-native-unix-common\4.1.73.Final\netty-transport-native-unix-common-4.1.73.Final.jar;C:\Users\shidiq182\.m2\repository\io\netty\netty-transport\4.1.73.Final\netty-transport-4.1.73.Final.jar;C:\Users\shidiq182\.m2\repository\io\netty\netty-resolver\4.1.73.Final\netty-resolver-4.1.73.Final.jar;C:\Users\shidiq182\.m2\repository\io\opentelemetry\opentelemetry-api\1.10.1\opentelemetry-api-1.10.1.jar;C:\Users\shidiq182\.m2\repository\io\opentelemetry\opentelemetry-context\1.10.1\opentelemetry-context-1.10.1.jar;C:\Users\shidiq182\.m2\repository\io\opentelemetry\opentelemetry-exporter-logging\1.10.1\opentelemetry-exporter-logging-1.10.1.jar;C:\Users\shidiq182\.m2\repository\io\opentelemetry\opentelemetry-sdk-metrics\1.10.1-alpha\opentelemetry-sdk-metrics-1.10.1-alpha.jar;C:\Users\shidiq182\.m2\repository\io\opentelemetry\opentelemetry-sdk-logs\1.10.1-alpha\opentelemetry-sdk-logs-1.10.1-alpha.jar;C:\Users\shidiq182\.m2\repository\io\opentelemetry\opentelemetry-sdk-common\1.10.1\opentelemetry-sdk-common-1.10.1.jar;C:\Users\shidiq182\.m2\repository\io\opentelemetry\opentelemetry-sdk-extension-autoconfigure-spi\1.10.1\opentelemetry-sdk-extension-autoconfigure-spi-1.10.1.jar;C:\Users\shidiq182\.m2\repository\io\opentelemetry\opentelemetry-sdk-extension-autoconfigure\1.10.1-alpha\opentelemetry-sdk-extension-autoconfigure-1.10.1-alpha.jar;C:\Users\shidiq182\.m2\repository\io\opentelemetry\opentelemetry-sdk-trace\1.10.1\opentelemetry-sdk-trace-1.10.1.jar;C:\Users\shidiq182\.m2\repository\io\opentelemetry\opentelemetry-sdk\1.10.1\opentelemetry-sdk-1.10.1.jar;C:\Users\shidiq182\.m2\repository\io\opentelemetry\opentelemetry-semconv\1.10.1-alpha\opentelemetry-semconv-1.10.1-alpha.jar;C:\Users\shidiq182\.m2\repository\io\ous\jtoml\2.0.0\jtoml-2.0.0.jar;C:\Users\shidiq182\.m2\repository\net\bytebuddy\byte-buddy\1.12.7\byte-buddy-1.12.7.jar;C:\Users\shidiq182\.m2\repository\org\apache\commons\commons-exec\1.3\commons-exec-1.3.jar;C:\Users\shidiq182\.m2\repository\org\asynchttpclient\async-http-client\2.12.3\async-http-client-2.12.3.jar;C:\Users\shidiq182\.m2\repository\org\asynchttpclient\async-http-client-netty-utils\2.12.3\async-http-client-netty-utils-2.12.3.jar;C:\Users\shidiq182\.m2\repository\io\netty\netty-codec-socks\4.1.60.Final\netty-codec-socks-4.1.60.Final.jar;C:\Users\shidiq182\.m2\repository\io\netty\netty-handler-proxy\4.1.60.Final\netty-handler-proxy-4.1.60.Final.jar;C:\Users\shidiq182\.m2\repository\io\netty\netty-transport-native-epoll\4.1.60.Final\netty-transport-native-epoll-4.1.60.Final-linux-x86_64.jar;C:\Users\shidiq182\.m2\repository\io\netty\netty-transport-native-kqueue\4.1.60.Final\netty-transport-native-kqueue-4.1.60.Final-osx-x86_64.jar;C:\Users\shidiq182\.m2\repository\org\reactivestreams\reactive-streams\1.0.3\reactive-streams-1.0.3.jar;C:\Users\shidiq182\.m2\repository\com\typesafe\netty\netty-reactive-streams\2.0.4\netty-reactive-streams-2.0.4.jar;C:\Users\shidiq182\.m2\repository\com\sun\activation\jakarta.activation\1.2.2\jakarta.activation-1.2.2.jar;C:\Users\shidiq182\.m2\repository\org\seleniumhq\selenium\selenium-http\4.1.2\selenium-http-4.1.2.jar;C:\Users\shidiq182\.m2\repository\net\jodah\failsafe\2.4.4\failsafe-2.4.4.jar;C:\Users\shidiq182\.m2\repository\org\seleniumhq\selenium\selenium-safari-driver\4.1.2\selenium-safari-driver-4.1.2.jar;C:\Users\shidiq182\.m2\repository\org\seleniumhq\selenium\selenium-support\4.1.2\selenium-support-4.1.2.jar;C:\Users\shidiq182\.m2\repository\info\cukes\cucumber-java\1.2.5\cucumber-java-1.2.5.jar;C:\Users\shidiq182\.m2\repository\info\cukes\cucumber-core\1.2.5\cucumber-core-1.2.5.jar;C:\Users\shidiq182\.m2\repository\info\cukes\cucumber-html\0.2.3\cucumber-html-0.2.3.jar;C:\Users\shidiq182\.m2\repository\info\cukes\cucumber-jvm-deps\1.0.5\cucumber-jvm-deps-1.0.5.jar;C:\Users\shidiq182\.m2\repository\info\cukes\gherkin\2.12.2\gherkin-2.12.2.jar;C:\Users\shidiq182\.m2\repository\info\cukes\cucumber-junit\1.2.5\cucumber-junit-1.2.5.jar;C:\Users\shidiq182\.m2\repository\net\masterthought\cucumber-reporting\5.3.1\cucumber-reporting-5.3.1.jar;C:\Users\shidiq182\.m2\repository\com\fasterxml\jackson\core\jackson-databind\2.10.1\jackson-databind-2.10.1.jar;C:\Users\shidiq182\.m2\repository\com\fasterxml\jackson\core\jackson-annotations\2.10.1\jackson-annotations-2.10.1.jar;C:\Users\shidiq182\.m2\repository\com\fasterxml\jackson\core\jackson-core\2.10.1\jackson-core-2.10.1.jar;C:\Users\shidiq182\.m2\repository\com\fasterxml\jackson\datatype\jackson-datatype-jsr310\2.10.1\jackson-datatype-jsr310-2.10.1.jar;C:\Users\shidiq182\.m2\repository\org\apache\velocity\velocity-engine-core\2.1\velocity-engine-core-2.1.jar;C:\Users\shidiq182\.m2\repository\org\slf4j\slf4j-api\1.7.26\slf4j-api-1.7.26.jar;C:\Users\shidiq182\.m2\repository\commons-collections\commons-collections\3.2.2\commons-collections-3.2.2.jar;C:\Users\shidiq182\.m2\repository\joda-time\joda-time\2.10.5\joda-time-2.10.5.jar;C:\Users\shidiq182\.m2\repository\org\apache\commons\commons-lang3\3.9\commons-lang3-3.9.jar;C:\Users\shidiq182\.m2\repository\commons-io\commons-io\2.6\commons-io-2.6.jar;C:\Users\shidiq182\.m2\repository\org\codehaus\plexus\plexus-utils\3.3.0\plexus-utils-3.3.0.jar;C:\Users\shidiq182\.m2\repository\org\jsoup\jsoup\1.12.1\jsoup-1.12.1.jar;C:\Users\shidiq182\.m2\repository\com\googlecode\owasp-java-html-sanitizer\owasp-java-html-sanitizer\20191001.1\owasp-java-html-sanitizer-20191001.1.jar;C:\Users\shidiq182\.m2\repository\commons-configuration\commons-configuration\1.10\commons-configuration-1.10.jar;C:\Users\shidiq182\.m2\repository\commons-lang\commons-lang\2.6\commons-lang-2.6.jar;C:\Users\shidiq182\.m2\repository\commons-logging\commons-logging\1.1.1\commons-logging-1.1.1.jar;C:\Users\shidiq182\.m2\repository\org\apache\maven\plugins\maven-surefire-plugin\3.0.0\maven-surefire-plugin-3.0.0.jar;C:\Users\shidiq182\.m2\repository\org\apache\maven\surefire\maven-surefire-common\3.0.0\maven-surefire-common-3.0.0.jar;C:\Users\shidiq182\.m2\repository\org\apache\maven\surefire\surefire-api\3.0.0\surefire-api-3.0.0.jar;C:\Users\shidiq182\.m2\repository\org\apache\maven\surefire\surefire-logger-api\3.0.0\surefire-logger-api-3.0.0.jar;C:\Users\shidiq182\.m2\repository\org\apache\maven\surefire\surefire-extensions-api\3.0.0\surefire-extensions-api-3.0.0.jar;C:\Users\shidiq182\.m2\repository\org\apache\maven\surefire\surefire-booter\3.0.0\surefire-booter-3.0.0.jar;C:\Users\shidiq182\.m2\repository\org\apache\maven\surefire\surefire-extensions-spi\3.0.0\surefire-extensions-spi-3.0.0.jar;C:\Users\shidiq182\.m2\repository\org\eclipse\aether\aether-util\1.0.0.v20140518\aether-util-1.0.0.v20140518.jar;C:\Users\shidiq182\.m2\repository\org\eclipse\aether\aether-api\1.0.0.v20140518\aether-api-1.0.0.v20140518.jar;C:\Users\shidiq182\.m2\repository\org\apache\maven\shared\maven-common-artifact-filters\3.1.1\maven-common-artifact-filters-3.1.1.jar;C:\Users\shidiq182\.m2\repository\org\apache\maven\maven-artifact\3.1.0\maven-artifact-3.1.0.jar;C:\Users\shidiq182\.m2\repository\org\apache\maven\maven-core\3.1.0\maven-core-3.1.0.jar;C:\Users\shidiq182\.m2\repository\org\apache\maven\maven-settings\3.1.0\maven-settings-3.1.0.jar;C:\Users\shidiq182\.m2\repository\org\apache\maven\maven-settings-builder\3.1.0\maven-settings-builder-3.1.0.jar;C:\Users\shidiq182\.m2\repository\org\apache\maven\maven-repository-metadata\3.1.0\maven-repository-metadata-3.1.0.jar;C:\Users\shidiq182\.m2\repository\org\apache\maven\maven-model-builder\3.1.0\maven-model-builder-3.1.0.jar;C:\Users\shidiq182\.m2\repository\org\apache\maven\maven-aether-provider\3.1.0\maven-aether-provider-3.1.0.jar;C:\Users\shidiq182\.m2\repository\org\eclipse\aether\aether-spi\0.9.0.M2\aether-spi-0.9.0.M2.jar;C:\Users\shidiq182\.m2\repository\org\eclipse\aether\aether-impl\0.9.0.M2\aether-impl-0.9.0.M2.jar;C:\Users\shidiq182\.m2\repository\org\eclipse\sisu\org.eclipse.sisu.plexus\0.0.0.M2a\org.eclipse.sisu.plexus-0.0.0.M2a.jar;C:\Users\shidiq182\.m2\repository\javax\enterprise\cdi-api\1.0\cdi-api-1.0.jar;C:\Users\shidiq182\.m2\repository\javax\annotation\jsr250-api\1.0\jsr250-api-1.0.jar;C:\Users\shidiq182\.m2\repository\javax\inject\javax.inject\1\javax.inject-1.jar;C:\Users\shidiq182\.m2\repository\org\sonatype\sisu\sisu-guice\3.1.0\sisu-guice-3.1.0-no_aop.jar;C:\Users\shidiq182\.m2\repository\aopalliance\aopalliance\1.0\aopalliance-1.0.jar;C:\Users\shidiq182\.m2\repository\org\eclipse\sisu\org.eclipse.sisu.inject\0.0.0.M2a\org.eclipse.sisu.inject-0.0.0.M2a.jar;C:\Users\shidiq182\.m2\repository\asm\asm\3.3.1\asm-3.3.1.jar;C:\Users\shidiq182\.m2\repository\org\codehaus\plexus\plexus-interpolation\1.16\plexus-interpolation-1.16.jar;C:\Users\shidiq182\.m2\repository\org\codehaus\plexus\plexus-classworlds\2.4.2\plexus-classworlds-2.4.2.jar;C:\Users\shidiq182\.m2\repository\org\codehaus\plexus\plexus-component-annotations\1.5.5\plexus-component-annotations-1.5.5.jar;C:\Users\shidiq182\.m2\repository\org\sonatype\plexus\plexus-sec-dispatcher\1.3\plexus-sec-dispatcher-1.3.jar;C:\Users\shidiq182\.m2\repository\org\sonatype\plexus\plexus-cipher\1.4\plexus-cipher-1.4.jar;C:\Users\shidiq182\.m2\repository\org\apache\maven\maven-plugin-api\3.1.0\maven-plugin-api-3.1.0.jar;C:\Users\shidiq182\.m2\repository\org\codehaus\plexus\plexus-java\1.1.2\plexus-java-1.1.2.jar;C:\Users\shidiq182\.m2\repository\org\ow2\asm\asm\9.4\asm-9.4.jar;C:\Users\shidiq182\.m2\repository\com\thoughtworks\qdox\qdox\2.0.3\qdox-2.0.3.jar;C:\Users\shidiq182\.m2\repository\org\apache\maven\surefire\surefire-shared-utils\3.0.0\surefire-shared-utils-3.0.0.jar;"/>
    <property name="java.vm.vendor" value="Oracle Corporation"/>
    <property name="sun.arch.data.model" value="32"/>
    <property name="user.variant" value=""/>
    <property name="java.vendor.url" value="http://java.oracle.com/"/>
    <property name="user.timezone" value="Asia/Bangkok"/>
    <property name="user.country.format" value="ID"/>
    <property name="java.vm.specification.version" value="1.8"/>
    <property name="os.name" value="Windows 8.1"/>
    <property name="user.country" value="GB"/>
    <property name="sun.java.launcher" value="SUN_STANDARD"/>
    <property name="sun.boot.library.path" value="C:\Program Files (x86)\Java\jdk1.8.0_102\jre\bin"/>
    <property name="sun.java.command" value="C:\Users\shidiq182\AppData\Local\Temp\surefire2822744371702986043\surefirebooter1752879839656525707.jar C:\Users\shidiq182\AppData\Local\Temp\surefire2822744371702986043 2023-03-20T07-42-29_162-jvmRun1 surefire6791024318824980772tmp surefire_07628913869696919268tmp"/>
    <property name="surefire.test.class.path" value="A:\00BootcampAlterraAcademy\contohgroupproject2\New folder\ManagementMentee\target\test-classes;A:\00BootcampAlterraAcademy\contohgroupproject2\New folder\ManagementMentee\target\classes;C:\Users\shidiq182\.m2\repository\junit\junit\4.11\junit-4.11.jar;C:\Users\shidiq182\.m2\repository\org\hamcrest\hamcrest-core\1.3\hamcrest-core-1.3.jar;C:\Users\shidiq182\.m2\repository\org\seleniumhq\selenium\selenium-java\4.1.2\selenium-java-4.1.2.jar;C:\Users\shidiq182\.m2\repository\org\seleniumhq\selenium\selenium-api\4.1.2\selenium-api-4.1.2.jar;C:\Users\shidiq182\.m2\repository\org\seleniumhq\selenium\selenium-chrome-driver\4.1.2\selenium-chrome-driver-4.1.2.jar;C:\Users\shidiq182\.m2\repository\com\google\auto\service\auto-service-annotations\1.0.1\auto-service-annotations-1.0.1.jar;C:\Users\shidiq182\.m2\repository\com\google\auto\service\auto-service\1.0.1\auto-service-1.0.1.jar;C:\Users\shidiq182\.m2\repository\com\google\auto\auto-common\1.2\auto-common-1.2.jar;C:\Users\shidiq182\.m2\repository\com\google\guava\guava\31.0.1-jre\guava-31.0.1-jre.jar;C:\Users\shidiq182\.m2\repository\com\google\guava\failureaccess\1.0.1\failureaccess-1.0.1.jar;C:\Users\shidiq182\.m2\repository\com\google\guava\listenablefuture\9999.0-empty-to-avoid-conflict-with-guava\listenablefuture-9999.0-empty-to-avoid-conflict-with-guava.jar;C:\Users\shidiq182\.m2\repository\com\google\code\findbugs\jsr305\3.0.2\jsr305-3.0.2.jar;C:\Users\shidiq182\.m2\repository\org\checkerframework\checker-qual\3.12.0\checker-qual-3.12.0.jar;C:\Users\shidiq182\.m2\repository\com\google\errorprone\error_prone_annotations\2.7.1\error_prone_annotations-2.7.1.jar;C:\Users\shidiq182\.m2\repository\com\google\j2objc\j2objc-annotations\1.3\j2objc-annotations-1.3.jar;C:\Users\shidiq182\.m2\repository\org\seleniumhq\selenium\selenium-chromium-driver\4.1.2\selenium-chromium-driver-4.1.2.jar;C:\Users\shidiq182\.m2\repository\org\seleniumhq\selenium\selenium-json\4.1.2\selenium-json-4.1.2.jar;C:\Users\shidiq182\.m2\repository\org\seleniumhq\selenium\selenium-devtools-v85\4.1.2\selenium-devtools-v85-4.1.2.jar;C:\Users\shidiq182\.m2\repository\org\seleniumhq\selenium\selenium-devtools-v95\4.1.2\selenium-devtools-v95-4.1.2.jar;C:\Users\shidiq182\.m2\repository\org\seleniumhq\selenium\selenium-devtools-v96\4.1.2\selenium-devtools-v96-4.1.2.jar;C:\Users\shidiq182\.m2\repository\org\seleniumhq\selenium\selenium-devtools-v97\4.1.2\selenium-devtools-v97-4.1.2.jar;C:\Users\shidiq182\.m2\repository\org\seleniumhq\selenium\selenium-edge-driver\4.1.2\selenium-edge-driver-4.1.2.jar;C:\Users\shidiq182\.m2\repository\org\seleniumhq\selenium\selenium-firefox-driver\4.1.2\selenium-firefox-driver-4.1.2.jar;C:\Users\shidiq182\.m2\repository\org\seleniumhq\selenium\selenium-firefox-xpi-driver\4.1.2\selenium-firefox-xpi-driver-4.1.2.jar;C:\Users\shidiq182\.m2\repository\org\seleniumhq\selenium\selenium-ie-driver\4.1.2\selenium-ie-driver-4.1.2.jar;C:\Users\shidiq182\.m2\repository\org\seleniumhq\selenium\selenium-opera-driver\4.1.2\selenium-opera-driver-4.1.2.jar;C:\Users\shidiq182\.m2\repository\org\seleniumhq\selenium\selenium-remote-driver\4.1.2\selenium-remote-driver-4.1.2.jar;C:\Users\shidiq182\.m2\repository\com\beust\jcommander\1.82\jcommander-1.82.jar;C:\Users\shidiq182\.m2\repository\io\netty\netty-buffer\4.1.73.Final\netty-buffer-4.1.73.Final.jar;C:\Users\shidiq182\.m2\repository\io\netty\netty-codec-http\4.1.73.Final\netty-codec-http-4.1.73.Final.jar;C:\Users\shidiq182\.m2\repository\io\netty\netty-codec\4.1.73.Final\netty-codec-4.1.73.Final.jar;C:\Users\shidiq182\.m2\repository\io\netty\netty-handler\4.1.73.Final\netty-handler-4.1.73.Final.jar;C:\Users\shidiq182\.m2\repository\io\netty\netty-tcnative-classes\2.0.46.Final\netty-tcnative-classes-2.0.46.Final.jar;C:\Users\shidiq182\.m2\repository\io\netty\netty-common\4.1.73.Final\netty-common-4.1.73.Final.jar;C:\Users\shidiq182\.m2\repository\io\netty\netty-transport-classes-epoll\4.1.73.Final\netty-transport-classes-epoll-4.1.73.Final.jar;C:\Users\shidiq182\.m2\repository\io\netty\netty-transport-classes-kqueue\4.1.73.Final\netty-transport-classes-kqueue-4.1.73.Final.jar;C:\Users\shidiq182\.m2\repository\io\netty\netty-transport-native-epoll\4.1.73.Final\netty-transport-native-epoll-4.1.73.Final.jar;C:\Users\shidiq182\.m2\repository\io\netty\netty-transport-native-kqueue\4.1.73.Final\netty-transport-native-kqueue-4.1.73.Final.jar;C:\Users\shidiq182\.m2\repository\io\netty\netty-transport-native-unix-common\4.1.73.Final\netty-transport-native-unix-common-4.1.73.Final.jar;C:\Users\shidiq182\.m2\repository\io\netty\netty-transport\4.1.73.Final\netty-transport-4.1.73.Final.jar;C:\Users\shidiq182\.m2\repository\io\netty\netty-resolver\4.1.73.Final\netty-resolver-4.1.73.Final.jar;C:\Users\shidiq182\.m2\repository\io\opentelemetry\opentelemetry-api\1.10.1\opentelemetry-api-1.10.1.jar;C:\Users\shidiq182\.m2\repository\io\opentelemetry\opentelemetry-context\1.10.1\opentelemetry-context-1.10.1.jar;C:\Users\shidiq182\.m2\repository\io\opentelemetry\opentelemetry-exporter-logging\1.10.1\opentelemetry-exporter-logging-1.10.1.jar;C:\Users\shidiq182\.m2\repository\io\opentelemetry\opentelemetry-sdk-metrics\1.10.1-alpha\opentelemetry-sdk-metrics-1.10.1-alpha.jar;C:\Users\shidiq182\.m2\repository\io\opentelemetry\opentelemetry-sdk-logs\1.10.1-alpha\opentelemetry-sdk-logs-1.10.1-alpha.jar;C:\Users\shidiq182\.m2\repository\io\opentelemetry\opentelemetry-sdk-common\1.10.1\opentelemetry-sdk-common-1.10.1.jar;C:\Users\shidiq182\.m2\repository\io\opentelemetry\opentelemetry-sdk-extension-autoconfigure-spi\1.10.1\opentelemetry-sdk-extension-autoconfigure-spi-1.10.1.jar;C:\Users\shidiq182\.m2\repository\io\opentelemetry\opentelemetry-sdk-extension-autoconfigure\1.10.1-alpha\opentelemetry-sdk-extension-autoconfigure-1.10.1-alpha.jar;C:\Users\shidiq182\.m2\repository\io\opentelemetry\opentelemetry-sdk-trace\1.10.1\opentelemetry-sdk-trace-1.10.1.jar;C:\Users\shidiq182\.m2\repository\io\opentelemetry\opentelemetry-sdk\1.10.1\opentelemetry-sdk-1.10.1.jar;C:\Users\shidiq182\.m2\repository\io\opentelemetry\opentelemetry-semconv\1.10.1-alpha\opentelemetry-semconv-1.10.1-alpha.jar;C:\Users\shidiq182\.m2\repository\io\ous\jtoml\2.0.0\jtoml-2.0.0.jar;C:\Users\shidiq182\.m2\repository\net\bytebuddy\byte-buddy\1.12.7\byte-buddy-1.12.7.jar;C:\Users\shidiq182\.m2\repository\org\apache\commons\commons-exec\1.3\commons-exec-1.3.jar;C:\Users\shidiq182\.m2\repository\org\asynchttpclient\async-http-client\2.12.3\async-http-client-2.12.3.jar;C:\Users\shidiq182\.m2\repository\org\asynchttpclient\async-http-client-netty-utils\2.12.3\async-http-client-netty-utils-2.12.3.jar;C:\Users\shidiq182\.m2\repository\io\netty\netty-codec-socks\4.1.60.Final\netty-codec-socks-4.1.60.Final.jar;C:\Users\shidiq182\.m2\repository\io\netty\netty-handler-proxy\4.1.60.Final\netty-handler-proxy-4.1.60.Final.jar;C:\Users\shidiq182\.m2\repository\io\netty\netty-transport-native-epoll\4.1.60.Final\netty-transport-native-epoll-4.1.60.Final-linux-x86_64.jar;C:\Users\shidiq182\.m2\repository\io\netty\netty-transport-native-kqueue\4.1.60.Final\netty-transport-native-kqueue-4.1.60.Final-osx-x86_64.jar;C:\Users\shidiq182\.m2\repository\org\reactivestreams\reactive-streams\1.0.3\reactive-streams-1.0.3.jar;C:\Users\shidiq182\.m2\repository\com\typesafe\netty\netty-reactive-streams\2.0.4\netty-reactive-streams-2.0.4.jar;C:\Users\shidiq182\.m2\repository\com\sun\activation\jakarta.activation\1.2.2\jakarta.activation-1.2.2.jar;C:\Users\shidiq182\.m2\repository\org\seleniumhq\selenium\selenium-http\4.1.2\selenium-http-4.1.2.jar;C:\Users\shidiq182\.m2\repository\net\jodah\failsafe\2.4.4\failsafe-2.4.4.jar;C:\Users\shidiq182\.m2\repository\org\seleniumhq\selenium\selenium-safari-driver\4.1.2\selenium-safari-driver-4.1.2.jar;C:\Users\shidiq182\.m2\repository\org\seleniumhq\selenium\selenium-support\4.1.2\selenium-support-4.1.2.jar;C:\Users\shidiq182\.m2\repository\info\cukes\cucumber-java\1.2.5\cucumber-java-1.2.5.jar;C:\Users\shidiq182\.m2\repository\info\cukes\cucumber-core\1.2.5\cucumber-core-1.2.5.jar;C:\Users\shidiq182\.m2\repository\info\cukes\cucumber-html\0.2.3\cucumber-html-0.2.3.jar;C:\Users\shidiq182\.m2\repository\info\cukes\cucumber-jvm-deps\1.0.5\cucumber-jvm-deps-1.0.5.jar;C:\Users\shidiq182\.m2\repository\info\cukes\gherkin\2.12.2\gherkin-2.12.2.jar;C:\Users\shidiq182\.m2\repository\info\cukes\cucumber-junit\1.2.5\cucumber-junit-1.2.5.jar;C:\Users\shidiq182\.m2\repository\net\masterthought\cucumber-reporting\5.3.1\cucumber-reporting-5.3.1.jar;C:\Users\shidiq182\.m2\repository\com\fasterxml\jackson\core\jackson-databind\2.10.1\jackson-databind-2.10.1.jar;C:\Users\shidiq182\.m2\repository\com\fasterxml\jackson\core\jackson-annotations\2.10.1\jackson-annotations-2.10.1.jar;C:\Users\shidiq182\.m2\repository\com\fasterxml\jackson\core\jackson-core\2.10.1\jackson-core-2.10.1.jar;C:\Users\shidiq182\.m2\repository\com\fasterxml\jackson\datatype\jackson-datatype-jsr310\2.10.1\jackson-datatype-jsr310-2.10.1.jar;C:\Users\shidiq182\.m2\repository\org\apache\velocity\velocity-engine-core\2.1\velocity-engine-core-2.1.jar;C:\Users\shidiq182\.m2\repository\org\slf4j\slf4j-api\1.7.26\slf4j-api-1.7.26.jar;C:\Users\shidiq182\.m2\repository\commons-collections\commons-collections\3.2.2\commons-collections-3.2.2.jar;C:\Users\shidiq182\.m2\repository\joda-time\joda-time\2.10.5\joda-time-2.10.5.jar;C:\Users\shidiq182\.m2\repository\org\apache\commons\commons-lang3\3.9\commons-lang3-3.9.jar;C:\Users\shidiq182\.m2\repository\commons-io\commons-io\2.6\commons-io-2.6.jar;C:\Users\shidiq182\.m2\repository\org\codehaus\plexus\plexus-utils\3.3.0\plexus-utils-3.3.0.jar;C:\Users\shidiq182\.m2\repository\org\jsoup\jsoup\1.12.1\jsoup-1.12.1.jar;C:\Users\shidiq182\.m2\repository\com\googlecode\owasp-java-html-sanitizer\owasp-java-html-sanitizer\20191001.1\owasp-java-html-sanitizer-20191001.1.jar;C:\Users\shidiq182\.m2\repository\commons-configuration\commons-configuration\1.10\commons-configuration-1.10.jar;C:\Users\shidiq182\.m2\repository\commons-lang\commons-lang\2.6\commons-lang-2.6.jar;C:\Users\shidiq182\.m2\repository\commons-logging\commons-logging\1.1.1\commons-logging-1.1.1.jar;C:\Users\shidiq182\.m2\repository\org\apache\maven\plugins\maven-surefire-plugin\3.0.0\maven-surefire-plugin-3.0.0.jar;C:\Users\shidiq182\.m2\repository\org\apache\maven\surefire\maven-surefire-common\3.0.0\maven-surefire-common-3.0.0.jar;C:\Users\shidiq182\.m2\repository\org\apache\maven\surefire\surefire-api\3.0.0\surefire-api-3.0.0.jar;C:\Users\shidiq182\.m2\repository\org\apache\maven\surefire\surefire-logger-api\3.0.0\surefire-logger-api-3.0.0.jar;C:\Users\shidiq182\.m2\repository\org\apache\maven\surefire\surefire-extensions-api\3.0.0\surefire-extensions-api-3.0.0.jar;C:\Users\shidiq182\.m2\repository\org\apache\maven\surefire\surefire-booter\3.0.0\surefire-booter-3.0.0.jar;C:\Users\shidiq182\.m2\repository\org\apache\maven\surefire\surefire-extensions-spi\3.0.0\surefire-extensions-spi-3.0.0.jar;C:\Users\shidiq182\.m2\repository\org\eclipse\aether\aether-util\1.0.0.v20140518\aether-util-1.0.0.v20140518.jar;C:\Users\shidiq182\.m2\repository\org\eclipse\aether\aether-api\1.0.0.v20140518\aether-api-1.0.0.v20140518.jar;C:\Users\shidiq182\.m2\repository\org\apache\maven\shared\maven-common-artifact-filters\3.1.1\maven-common-artifact-filters-3.1.1.jar;C:\Users\shidiq182\.m2\repository\org\apache\maven\maven-artifact\3.1.0\maven-artifact-3.1.0.jar;C:\Users\shidiq182\.m2\repository\org\apache\maven\maven-core\3.1.0\maven-core-3.1.0.jar;C:\Users\shidiq182\.m2\repository\org\apache\maven\maven-settings\3.1.0\maven-settings-3.1.0.jar;C:\Users\shidiq182\.m2\repository\org\apache\maven\maven-settings-builder\3.1.0\maven-settings-builder-3.1.0.jar;C:\Users\shidiq182\.m2\repository\org\apache\maven\maven-repository-metadata\3.1.0\maven-repository-metadata-3.1.0.jar;C:\Users\shidiq182\.m2\repository\org\apache\maven\maven-model-builder\3.1.0\maven-model-builder-3.1.0.jar;C:\Users\shidiq182\.m2\repository\org\apache\maven\maven-aether-provider\3.1.0\maven-aether-provider-3.1.0.jar;C:\Users\shidiq182\.m2\repository\org\eclipse\aether\aether-spi\0.9.0.M2\aether-spi-0.9.0.M2.jar;C:\Users\shidiq182\.m2\repository\org\eclipse\aether\aether-impl\0.9.0.M2\aether-impl-0.9.0.M2.jar;C:\Users\shidiq182\.m2\repository\org\eclipse\sisu\org.eclipse.sisu.plexus\0.0.0.M2a\org.eclipse.sisu.plexus-0.0.0.M2a.jar;C:\Users\shidiq182\.m2\repository\javax\enterprise\cdi-api\1.0\cdi-api-1.0.jar;C:\Users\shidiq182\.m2\repository\javax\annotation\jsr250-api\1.0\jsr250-api-1.0.jar;C:\Users\shidiq182\.m2\repository\javax\inject\javax.inject\1\javax.inject-1.jar;C:\Users\shidiq182\.m2\repository\org\sonatype\sisu\sisu-guice\3.1.0\sisu-guice-3.1.0-no_aop.jar;C:\Users\shidiq182\.m2\repository\aopalliance\aopalliance\1.0\aopalliance-1.0.jar;C:\Users\shidiq182\.m2\repository\org\eclipse\sisu\org.eclipse.sisu.inject\0.0.0.M2a\org.eclipse.sisu.inject-0.0.0.M2a.jar;C:\Users\shidiq182\.m2\repository\asm\asm\3.3.1\asm-3.3.1.jar;C:\Users\shidiq182\.m2\repository\org\codehaus\plexus\plexus-interpolation\1.16\plexus-interpolation-1.16.jar;C:\Users\shidiq182\.m2\repository\org\codehaus\plexus\plexus-classworlds\2.4.2\plexus-classworlds-2.4.2.jar;C:\Users\shidiq182\.m2\repository\org\codehaus\plexus\plexus-component-annotations\1.5.5\plexus-component-annotations-1.5.5.jar;C:\Users\shidiq182\.m2\repository\org\sonatype\plexus\plexus-sec-dispatcher\1.3\plexus-sec-dispatcher-1.3.jar;C:\Users\shidiq182\.m2\repository\org\sonatype\plexus\plexus-cipher\1.4\plexus-cipher-1.4.jar;C:\Users\shidiq182\.m2\repository\org\apache\maven\maven-plugin-api\3.1.0\maven-plugin-api-3.1.0.jar;C:\Users\shidiq182\.m2\repository\org\codehaus\plexus\plexus-java\1.1.2\plexus-java-1.1.2.jar;C:\Users\shidiq182\.m2\repository\org\ow2\asm\asm\9.4\asm-9.4.jar;C:\Users\shidiq182\.m2\repository\com\thoughtworks\qdox\qdox\2.0.3\qdox-2.0.3.jar;C:\Users\shidiq182\.m2\repository\org\apache\maven\surefire\surefire-shared-utils\3.0.0\surefire-shared-utils-3.0.0.jar;"/>
    <property name="sun.cpu.endian" value="little"/>
    <property name="user.home" value="C:\Users\shidiq182"/>
    <property name="user.language" value="en"/>
    <property name="java.specification.vendor" value="Oracle Corporation"/>
    <property name="java.home" value="C:\Program Files (x86)\Java\jdk1.8.0_102\jre"/>
    <property name="basedir" value="A:\00BootcampAlterraAcademy\contohgroupproject2\New folder\ManagementMentee"/>
    <property name="file.separator" value="\"/>
    <property name="line.separator" value="&#10;"/>
    <property name="java.vm.specification.vendor" value="Oracle Corporation"/>
    <property name="java.specification.name" value="Java Platform API Specification"/>
    <property name="java.awt.graphicsenv" value="sun.awt.Win32GraphicsEnvironment"/>
    <property name="surefire.real.class.path" value="C:\Users\shidiq182\AppData\Local\Temp\surefire2822744371702986043\surefirebooter1752879839656525707.jar"/>
    <property name="sun.boot.class.path" value="C:\Program Files (x86)\Java\jdk1.8.0_102\jre\lib\resources.jar;C:\Program Files (x86)\Java\jdk1.8.0_102\jre\lib\rt.jar;C:\Program Files (x86)\Java\jdk1.8.0_102\jre\lib\sunrsasign.jar;C:\Program Files (x86)\Java\jdk1.8.0_102\jre\lib\jsse.jar;C:\Program Files (x86)\Java\jdk1.8.0_102\jre\lib\jce.jar;C:\Program Files (x86)\Java\jdk1.8.0_102\jre\lib\charsets.jar;C:\Program Files (x86)\Java\jdk1.8.0_102\jre\lib\jfr.jar;C:\Program Files (x86)\Java\jdk1.8.0_102\jre\classes"/>
    <property name="user.script" value=""/>
    <property name="sun.management.compiler" value="HotSpot Client Compiler"/>
    <property name="java.runtime.version" value="1.8.0_102-b14"/>
    <property name="user.name" value="shidiq182"/>
    <property name="path.separator" value=";"/>
    <property name="os.version" value="6.3"/>
    <property name="java.endorsed.dirs" value="C:\Program Files (x86)\Java\jdk1.8.0_102\jre\lib\endorsed"/>
    <property name="java.runtime.name" value="Java(TM) SE Runtime Environment"/>
    <property name="file.encoding" value="Cp1252"/>
    <property name="java.vm.name" value="Java HotSpot(TM) Client VM"/>
    <property name="localRepository" value="C:\Users\shidiq182\.m2\repository"/>
    <property name="java.vendor.url.bug" value="http://bugreport.sun.com/bugreport/"/>
    <property name="java.io.tmpdir" value="C:\Users\SHIDIQ~1\AppData\Local\Temp\"/>
    <property name="idea.version" value="2020.3.4"/>
    <property name="java.version" value="1.8.0_102"/>
    <property name="user.dir" value="A:\00BootcampAlterraAcademy\contohgroupproject2\New folder\ManagementMentee"/>
    <property name="os.arch" value="x86"/>
    <property name="java.vm.specification.name" value="Java Virtual Machine Specification"/>
    <property name="java.awt.printerjob" value="sun.awt.windows.WPrinterJob"/>
    <property name="user.language.format" value="id"/>
    <property name="sun.os.patch.level" value=""/>
    <property name="java.library.path" value="C:\Program Files (x86)\Java\jdk1.8.0_102\jre\bin;C:\WINDOWS\Sun\Java\bin;C:\WINDOWS\system32;C:\WINDOWS;C:\Program Files (x86)\Java\jdk1.8.0_102\bin;C:\Program Files\JetBrains\IntelliJ IDEA 2021.2.2\plugins\maven\lib\maven3\bin;C:\WINDOWS\system32;C:\Program Files\MySQL\MySQL Shell 8.0\bin\;C:\Users\shidiq182\AppData\Local\Programs\Python\Python38-32\Scripts\;C:\Users\shidiq182\AppData\Local\Programs\Python\Python38-32\;C:\Users\shidiq182\AppData\Roaming\Composer\vendor\bin;C:\Program Files\JetBrains\PyCharm Community Edition 2019.2.3\bin;;A:\Visual Studio Code\Microsoft VS Code\bin;C:\Users\shidiq182\AppData\Roaming\npm;A:\Application\IntelliJ IDEA Community Edition 2020.3.3\bin;;C:\Program Files\heroku\bin;."/>
    <property name="java.vm.info" value="mixed mode"/>
    <property name="java.vendor" value="Oracle Corporation"/>
    <property name="java.vm.version" value="25.102-b14"/>
    <property name="java.ext.dirs" value="C:\Program Files (x86)\Java\jdk1.8.0_102\jre\lib\ext;C:\WINDOWS\Sun\Java\lib\ext"/>
    <property name="sun.io.unicode.encoding" value="UnicodeLittle"/>
    <property name="java.class.version" value="52.0"/>
  </properties>
  <testcase name="Given User open the website management mentee" classname="Scenario: &quot; Show List CLASS with Valid Data &quot;" time="0.002">
    <system-out><![CDATA[@ManagementMentee @ListVisky
Feature: User could create class, edit class, delete class, and see listed class
]]></system-out>
    <system-err><![CDATA[SLF4J: Failed to load class "org.slf4j.impl.StaticLoggerBinder".
SLF4J: Defaulting to no-operation (NOP) logger implementation
SLF4J: See http://www.slf4j.org/codes.html#StaticLoggerBinder for further details.
Starting ChromeDriver 109.0.5414.74 (e7c5703604daa9cc128ccf5a5d3e993513758913-refs/branch-heads/5414@{#1172}) on port 54521
Only local connections are allowed.
Please see https://chromedriver.chromium.org/security-considerations for suggestions on keeping ChromeDriver safe.
ChromeDriver was started successfully.
Mar 20, 2023 7:42:36 AM org.openqa.selenium.remote.ProtocolHandshake createSession
INFO: Detected dialect: W3C
Mar 20, 2023 7:42:36 AM org.openqa.selenium.devtools.CdpVersionFinder findNearestMatch
WARNING: Unable to find an exact match for CDP version 109, so returning the closest version found: a no-op implementation
Mar 20, 2023 7:42:36 AM org.openqa.selenium.devtools.CdpVersionFinder findNearestMatch
INFO: Unable to find CDP implementation matching 109.
Mar 20, 2023 7:42:36 AM org.openqa.selenium.chromium.ChromiumDriver lambda$new$3
WARNING: Unable to find version of CDP to use for . You may need to include a dependency on a specific version of the CDP using something similar to `org.seleniumhq.selenium:selenium-devtools-v86:4.1.2` where the version ("v86") matches the version of the chromium-based browser you're using and the version number of the artifact is the same as Selenium's.
]]></system-err>
  </testcase>
  <testcase name="Given User open the website management mentee" classname="Scenario: &quot; Show List CLASS with Valid Data &quot;" time="0">
    <system-out><![CDATA[
  @ListClass @Positive
  Scenario: " Show List CLASS with Valid Data "                                          &amp#27;[90m# features/ListClassAndUserViski.feature:5&amp#27;[0m
    &amp#27;[32mGiven &amp#27;[0m&amp#27;[32mUser open the website management mentee&amp#27;[0m                                        &amp#27;[90m# UserAliaSteps.userOpenTheWebsiteManagementMentee()&amp#27;[0m
    &amp#27;[32mWhen &amp#27;[0m&amp#27;[32mUser input "&amp#27;[0m&amp#27;[32m&amp#27;[1marshidiq500@gmail.com&amp#27;[0m&amp#27;[32m" as userName and input "&amp#27;[0m&amp#27;[32m&amp#27;[1mpassword&amp#27;[0m&amp#27;[32m" as password&amp#27;[0m &amp#27;[90m# SuperAdminSteps.inputCredential(String,String)&amp#27;[0m
    &amp#27;[32mThen &amp#27;[0m&amp#27;[32mUser already sign in as user at management mente website&amp#27;[0m                        &amp#27;[90m# UserAliaSteps.userAlreadySignInAsUserAdminAtManagementMenteWebsite()&amp#27;[0m
    &amp#27;[32mAnd &amp#27;[0m&amp#27;[32mUser click button OK&amp#27;[0m                                                             &amp#27;[90m# SuperAdminSteps.userClickButtonOK()&amp#27;[0m
    &amp#27;[32mWhen &amp#27;[0m&amp#27;[32mUser click menu Class&amp#27;[0m                                                           &amp#27;[90m# ListClassAndUserSteps.userClickMenuClass()&amp#27;[0m
    &amp#27;[32mAnd &amp#27;[0m&amp#27;[32mLIST CLASS&amp#27;[0m                                                                       &amp#27;[90m# ListClassAndUserSteps.validationHeader()&amp#27;[0m
]]></system-out>
    <system-err><![CDATA[Starting ChromeDriver 109.0.5414.74 (e7c5703604daa9cc128ccf5a5d3e993513758913-refs/branch-heads/5414@{#1172}) on port 51931
Only local connections are allowed.
Please see https://chromedriver.chromium.org/security-considerations for suggestions on keeping ChromeDriver safe.
ChromeDriver was started successfully.
Mar 20, 2023 7:42:59 AM org.openqa.selenium.remote.ProtocolHandshake createSession
INFO: Detected dialect: W3C
Mar 20, 2023 7:42:59 AM org.openqa.selenium.devtools.CdpVersionFinder findNearestMatch
WARNING: Unable to find an exact match for CDP version 109, so returning the closest version found: a no-op implementation
Mar 20, 2023 7:42:59 AM org.openqa.selenium.devtools.CdpVersionFinder findNearestMatch
INFO: Unable to find CDP implementation matching 109.
Mar 20, 2023 7:42:59 AM org.openqa.selenium.chromium.ChromiumDriver lambda$new$3
WARNING: Unable to find version of CDP to use for . You may need to include a dependency on a specific version of the CDP using something similar to `org.seleniumhq.selenium:selenium-devtools-v86:4.1.2` where the version ("v86") matches the version of the chromium-based browser you're using and the version number of the artifact is the same as Selenium's.
]]></system-err>
  </testcase>
  <testcase name="Given User open the website management mentee" classname="Scenario: &quot; Show List CLASS with Valid Data &quot;" time="0">
    <system-out><![CDATA[
  #  Validate listed users
  @ListUsers @Positive
  Scenario: " Show List User with Valid Data "                                  &amp#27;[90m# features/ListClassAndUserViski.feature:24&amp#27;[0m
    &amp#27;[32mGiven &amp#27;[0m&amp#27;[32mUser open the website management mentee&amp#27;[0m                               &amp#27;[90m# UserAliaSteps.userOpenTheWebsiteManagementMentee()&amp#27;[0m
    &amp#27;[32mWhen &amp#27;[0m&amp#27;[32mUser input "&amp#27;[0m&amp#27;[32m&amp#27;[1mtomas@gmail.com&amp#27;[0m&amp#27;[32m" as userName and input "&amp#27;[0m&amp#27;[32m&amp#27;[1m12345&amp#27;[0m&amp#27;[32m" as password&amp#27;[0m &amp#27;[90m# SuperAdminSteps.inputCredential(String,String)&amp#27;[0m
    &amp#27;[32mThen &amp#27;[0m&amp#27;[32mUser already sign in as user at management mente website&amp#27;[0m               &amp#27;[90m# UserAliaSteps.userAlreadySignInAsUserAdminAtManagementMenteWebsite()&amp#27;[0m
    &amp#27;[32mAnd &amp#27;[0m&amp#27;[32mUser click button OK&amp#27;[0m                                                    &amp#27;[90m# SuperAdminSteps.userClickButtonOK()&amp#27;[0m
    &amp#27;[32mWhen &amp#27;[0m&amp#27;[32mUser click menu User&amp#27;[0m                                                   &amp#27;[90m# ListClassAndUserSteps.userClickMenuUser()&amp#27;[0m
    &amp#27;[32mAnd &amp#27;[0m&amp#27;[32mLIST USER&amp#27;[0m                                                               &amp#27;[90m# ListClassAndUserSteps.listUSER()&amp#27;[0m
]]></system-out>
    <system-err><![CDATA[Starting ChromeDriver 109.0.5414.74 (e7c5703604daa9cc128ccf5a5d3e993513758913-refs/branch-heads/5414@{#1172}) on port 57590
Only local connections are allowed.
Please see https://chromedriver.chromium.org/security-considerations for suggestions on keeping ChromeDriver safe.
ChromeDriver was started successfully.
Mar 20, 2023 7:43:46 AM org.openqa.selenium.remote.ProtocolHandshake createSession
INFO: Detected dialect: W3C
Mar 20, 2023 7:43:46 AM org.openqa.selenium.devtools.CdpVersionFinder findNearestMatch
WARNING: Unable to find an exact match for CDP version 109, so returning the closest version found: a no-op implementation
Mar 20, 2023 7:43:46 AM org.openqa.selenium.devtools.CdpVersionFinder findNearestMatch
INFO: Unable to find CDP implementation matching 109.
Mar 20, 2023 7:43:46 AM org.openqa.selenium.chromium.ChromiumDriver lambda$new$3
WARNING: Unable to find version of CDP to use for . You may need to include a dependency on a specific version of the CDP using something similar to `org.seleniumhq.selenium:selenium-devtools-v86:4.1.2` where the version ("v86") matches the version of the chromium-based browser you're using and the version number of the artifact is the same as Selenium's.
]]></system-err>
  </testcase>
  <testcase name="When User input &quot;arshidiq500@gmail.com&quot; as userName and input &quot;password&quot; as password" classname="Scenario: &quot; Show List CLASS with Valid Data &quot;" time="0"/>
  <testcase name="When User input &quot;arshidiq500@gmail.com&quot; as userName and input &quot;password&quot; as password" classname="Scenario: &quot; Show List CLASS with Valid Data &quot;" time="0"/>
  <testcase name="When User input &quot;arshidiq500@gmail.com&quot; as userName and input &quot;password&quot; as password" classname="Scenario: &quot; Show List CLASS with Valid Data &quot;" time="0"/>
  <testcase name="Then User already sign in as user at management mente website" classname="Scenario: &quot; Show List CLASS with Valid Data &quot;" time="0"/>
  <testcase name="Then User already sign in as user at management mente website" classname="Scenario: &quot; Show List CLASS with Valid Data &quot;" time="0"/>
  <testcase name="Then User already sign in as user at management mente website" classname="Scenario: &quot; Show List CLASS with Valid Data &quot;" time="0"/>
  <testcase name="And User click button OK" classname="Scenario: &quot; Show List CLASS with Valid Data &quot;" time="0"/>
  <testcase name="And User click button OK" classname="Scenario: &quot; Show List CLASS with Valid Data &quot;" time="0"/>
  <testcase name="And User click button OK" classname="Scenario: &quot; Show List CLASS with Valid Data &quot;" time="0"/>
  <testcase name="When User click menu Class" classname="Scenario: &quot; Show List CLASS with Valid Data &quot;" time="0"/>
  <testcase name="When User click menu Class" classname="Scenario: &quot; Show List CLASS with Valid Data &quot;" time="0"/>
  <testcase name="And LIST CLASS" classname="Scenario: &quot; Show List CLASS with Valid Data &quot;" time="0"/>
  <testcase name="" classname="Scenario: &quot; Show List CLASS with Valid Data &quot;" time="1.257"/>
  <testcase name="" classname="Scenario: &quot; Show List CLASS with Valid Data &quot;" time="1.12"/>
  <testcase name="" classname="Scenario: &quot; Show List CLASS with Valid Data &quot;" time="1.113"/>
  <testcase name="And validation invalid layout Mentee Active 320 in page class" classname="Scenario: &quot; Show List CLASS with Valid Data &quot;" time="0"/>
  <testcase name="When User click menu User" classname="Scenario: &quot; Show List CLASS with Valid Data &quot;" time="0"/>
  <testcase name="And Validation Header Delete" classname="Scenario: &quot; Show List CLASS with Valid Data &quot;" time="0"/>
  <testcase name="Given User open the website management mentee" classname="Scenario: &quot; Show List User with Valid Data &quot;" time="0">
    <system-out><![CDATA[
  @ListClass @Negative
  Scenario: " Show List CLASS with Valid Data "                                          &amp#27;[90m# features/ListClassAndUserViski.feature:14&amp#27;[0m
    &amp#27;[32mGiven &amp#27;[0m&amp#27;[32mUser open the website management mentee&amp#27;[0m                                        &amp#27;[90m# UserAliaSteps.userOpenTheWebsiteManagementMentee()&amp#27;[0m
    &amp#27;[32mWhen &amp#27;[0m&amp#27;[32mUser input "&amp#27;[0m&amp#27;[32m&amp#27;[1marshidiq500@gmail.com&amp#27;[0m&amp#27;[32m" as userName and input "&amp#27;[0m&amp#27;[32m&amp#27;[1mpassword&amp#27;[0m&amp#27;[32m" as password&amp#27;[0m &amp#27;[90m# SuperAdminSteps.inputCredential(String,String)&amp#27;[0m
    &amp#27;[32mThen &amp#27;[0m&amp#27;[32mUser already sign in as user at management mente website&amp#27;[0m                        &amp#27;[90m# UserAliaSteps.userAlreadySignInAsUserAdminAtManagementMenteWebsite()&amp#27;[0m
    &amp#27;[32mAnd &amp#27;[0m&amp#27;[32mUser click button OK&amp#27;[0m                                                             &amp#27;[90m# SuperAdminSteps.userClickButtonOK()&amp#27;[0m
    &amp#27;[32mWhen &amp#27;[0m&amp#27;[32mUser click menu Class&amp#27;[0m                                                           &amp#27;[90m# ListClassAndUserSteps.userClickMenuClass()&amp#27;[0m
    &amp#27;[32mAnd &amp#27;[0m&amp#27;[32mvalidation invalid layout Mentee Active 320 in page class&amp#27;[0m                        &amp#27;[90m# ListClassAndUserSteps.listDASHBOARD()&amp#27;[0m
]]></system-out>
    <system-err><![CDATA[Starting ChromeDriver 109.0.5414.74 (e7c5703604daa9cc128ccf5a5d3e993513758913-refs/branch-heads/5414@{#1172}) on port 50854
Only local connections are allowed.
Please see https://chromedriver.chromium.org/security-considerations for suggestions on keeping ChromeDriver safe.
ChromeDriver was started successfully.
Mar 20, 2023 7:43:23 AM org.openqa.selenium.remote.ProtocolHandshake createSession
INFO: Detected dialect: W3C
Mar 20, 2023 7:43:23 AM org.openqa.selenium.devtools.CdpVersionFinder findNearestMatch
WARNING: Unable to find an exact match for CDP version 109, so returning the closest version found: a no-op implementation
Mar 20, 2023 7:43:23 AM org.openqa.selenium.devtools.CdpVersionFinder findNearestMatch
INFO: Unable to find CDP implementation matching 109.
Mar 20, 2023 7:43:23 AM org.openqa.selenium.chromium.ChromiumDriver lambda$new$3
WARNING: Unable to find version of CDP to use for . You may need to include a dependency on a specific version of the CDP using something similar to `org.seleniumhq.selenium:selenium-devtools-v86:4.1.2` where the version ("v86") matches the version of the chromium-based browser you're using and the version number of the artifact is the same as Selenium's.
]]></system-err>
  </testcase>
  <testcase name="When User input &quot;tomas@gmail.com&quot; as userName and input &quot;12345&quot; as password" classname="Scenario: &quot; Show List User with Valid Data &quot;" time="0"/>
  <testcase name="Then User already sign in as user at management mente website" classname="Scenario: &quot; Show List User with Valid Data &quot;" time="0.001"/>
  <testcase name="And User click button OK" classname="Scenario: &quot; Show List User with Valid Data &quot;" time="0"/>
  <testcase name="When User click menu User" classname="Scenario: &quot; Show List User with Valid Data &quot;" time="0"/>
  <testcase name="And LIST USER" classname="Scenario: &quot; Show List User with Valid Data &quot;" time="0"/>
  <testcase name="" classname="Scenario: &quot; Show List User with Valid Data &quot;" time="1.108"/>
  <testcase name="Given User open management mentee website" classname="Scenario: Create Placement" time="0.001">
    <system-out><![CDATA[
  @ListUsers @Negative
  Scenario: " Show List CLASS with Valid Data "                                          &amp#27;[90m# features/ListClassAndUserViski.feature:33&amp#27;[0m
    &amp#27;[32mGiven &amp#27;[0m&amp#27;[32mUser open the website management mentee&amp#27;[0m                                        &amp#27;[90m# UserAliaSteps.userOpenTheWebsiteManagementMentee()&amp#27;[0m
    &amp#27;[32mWhen &amp#27;[0m&amp#27;[32mUser input "&amp#27;[0m&amp#27;[32m&amp#27;[1marshidiq500@gmail.com&amp#27;[0m&amp#27;[32m" as userName and input "&amp#27;[0m&amp#27;[32m&amp#27;[1mpassword&amp#27;[0m&amp#27;[32m" as password&amp#27;[0m &amp#27;[90m# SuperAdminSteps.inputCredential(String,String)&amp#27;[0m
    &amp#27;[32mThen &amp#27;[0m&amp#27;[32mUser already sign in as user at management mente website&amp#27;[0m                        &amp#27;[90m# UserAliaSteps.userAlreadySignInAsUserAdminAtManagementMenteWebsite()&amp#27;[0m
    &amp#27;[32mAnd &amp#27;[0m&amp#27;[32mUser click button OK&amp#27;[0m                                                             &amp#27;[90m# SuperAdminSteps.userClickButtonOK()&amp#27;[0m
    &amp#27;[32mWhen &amp#27;[0m&amp#27;[32mUser click menu User&amp#27;[0m                                                            &amp#27;[90m# ListClassAndUserSteps.userClickMenuUser()&amp#27;[0m
    &amp#27;[32mAnd &amp#27;[0m&amp#27;[32mValidation Header Delete&amp#27;[0m                                                         &amp#27;[90m# ListClassAndUserSteps.validationHeaderDelete()&amp#27;[0m
@ManagementMentee @LoginSuperAdminShidiq
Feature: Super Admin
  As a super admin i want to create user as placement in website management mentee
]]></system-out>
    <system-err><![CDATA[Starting ChromeDriver 109.0.5414.74 (e7c5703604daa9cc128ccf5a5d3e993513758913-refs/branch-heads/5414@{#1172}) on port 64028
Only local connections are allowed.
Please see https://chromedriver.chromium.org/security-considerations for suggestions on keeping ChromeDriver safe.
ChromeDriver was started successfully.
Mar 20, 2023 7:44:10 AM org.openqa.selenium.remote.ProtocolHandshake createSession
INFO: Detected dialect: W3C
Mar 20, 2023 7:44:10 AM org.openqa.selenium.devtools.CdpVersionFinder findNearestMatch
WARNING: Unable to find an exact match for CDP version 109, so returning the closest version found: a no-op implementation
Mar 20, 2023 7:44:10 AM org.openqa.selenium.devtools.CdpVersionFinder findNearestMatch
INFO: Unable to find CDP implementation matching 109.
Mar 20, 2023 7:44:10 AM org.openqa.selenium.chromium.ChromiumDriver lambda$new$3
WARNING: Unable to find version of CDP to use for . You may need to include a dependency on a specific version of the CDP using something similar to `org.seleniumhq.selenium:selenium-devtools-v86:4.1.2` where the version ("v86") matches the version of the chromium-based browser you're using and the version number of the artifact is the same as Selenium's.
]]></system-err>
  </testcase>
  <testcase name="When User input &quot;arshidiq500@gmail.com&quot; as userName and input &quot;password&quot; as password" classname="Scenario: Create Placement" time="0.001"/>
  <testcase name="Then User already sign in as super admin at management mente website" classname="Scenario: Create Placement" time="0"/>
  <testcase name="And User click button OK" classname="Scenario: Create Placement" time="0"/>
  <testcase name="And Super admin click the user page" classname="Scenario: Create Placement" time="0"/>
  <testcase name="And Super admin click text in page user for create new list user" classname="Scenario: Create Placement" time="0"/>
  <testcase name="And User input name &quot;shidiq5&quot; and email &quot;arshidiq500@gmail.com&quot; and phone number &quot;0895355524717&quot;" classname="Scenario: Create Placement" time="0"/>
  <testcase name="And User click status &quot;Active&quot; and set team &quot;Placement&quot; and address &quot;JL. Maguwo sleman&quot; and click submit" classname="Scenario: Create Placement" time="0"/>
  <testcase name="And Super admin click button OK" classname="Scenario: Create Placement" time="0"/>
  <testcase name="And Super admin click the Logout button" classname="Scenario: Create Placement" time="0"/>
  <testcase name="" classname="Scenario: Create Placement" time="1.117"/>
  <testcase name="Given User open management mentee website" classname="Scenario: Create Mentor" time="0">
    <system-out><![CDATA[
  Scenario: Create Placement                                                                                 &amp#27;[90m# features/SuperAdminShidiq.feature:6&amp#27;[0m
    &amp#27;[32mGiven &amp#27;[0m&amp#27;[32mUser open management mentee website&amp#27;[0m                                                                &amp#27;[90m# SuperAdminSteps.verifyLogin()&amp#27;[0m
    &amp#27;[32mWhen &amp#27;[0m&amp#27;[32mUser input "&amp#27;[0m&amp#27;[32m&amp#27;[1marshidiq500@gmail.com&amp#27;[0m&amp#27;[32m" as userName and input "&amp#27;[0m&amp#27;[32m&amp#27;[1mpassword&amp#27;[0m&amp#27;[32m" as password&amp#27;[0m                     &amp#27;[90m# SuperAdminSteps.inputCredential(String,String)&amp#27;[0m
    &amp#27;[32mThen &amp#27;[0m&amp#27;[32mUser already sign in as super admin at management mente website&amp#27;[0m                                     &amp#27;[90m# SuperAdminSteps.userAlreadySignInAsSuperAdminAtManagementMenteWebsite()&amp#27;[0m
    &amp#27;[32mAnd &amp#27;[0m&amp#27;[32mUser click button OK&amp#27;[0m                                                                                 &amp#27;[90m# SuperAdminSteps.userClickButtonOK()&amp#27;[0m
    &amp#27;[32mAnd &amp#27;[0m&amp#27;[32mSuper admin click the user page&amp#27;[0m                                                                      &amp#27;[90m# SuperAdminSteps.superAdminClickTheUserPage()&amp#27;[0m
    &amp#27;[32mAnd &amp#27;[0m&amp#27;[32mSuper admin click text in page user for create new list user&amp#27;[0m                                         &amp#27;[90m# SuperAdminSteps.superAdminClickTextInPageUserForCreateNewListUser()&amp#27;[0m
    &amp#27;[32mAnd &amp#27;[0m&amp#27;[32mUser input name "&amp#27;[0m&amp#27;[32m&amp#27;[1mshidiq5&amp#27;[0m&amp#27;[32m" and email "&amp#27;[0m&amp#27;[32m&amp#27;[1marshidiq500@gmail.com&amp#27;[0m&amp#27;[32m" and phone number "&amp#27;[0m&amp#27;[32m&amp#27;[1m0895355524717&amp#27;[0m&amp#27;[32m"&amp#27;[0m         &amp#27;[90m# SuperAdminSteps.userInputNameAndEmailAndPhoneNumber(String,String,String)&amp#27;[0m
    &amp#27;[32mAnd &amp#27;[0m&amp#27;[32mUser click status "&amp#27;[0m&amp#27;[32m&amp#27;[1mActive&amp#27;[0m&amp#27;[32m" and set team "&amp#27;[0m&amp#27;[32m&amp#27;[1mPlacement&amp#27;[0m&amp#27;[32m" and address "&amp#27;[0m&amp#27;[32m&amp#27;[1mJL. Maguwo sleman&amp#27;[0m&amp#27;[32m" and click submit&amp#27;[0m &amp#27;[90m# SuperAdminSteps.userClickStatusAndAndAddressAndClickSubmit(String,String,String)&amp#27;[0m
    &amp#27;[32mAnd &amp#27;[0m&amp#27;[32mSuper admin click button OK&amp#27;[0m                                                                          &amp#27;[90m# SuperAdminSteps.superAdminClickButtonOK()&amp#27;[0m
    &amp#27;[32mAnd &amp#27;[0m&amp#27;[32mSuper admin click the Logout button&amp#27;[0m                                                                  &amp#27;[90m# SuperAdminSteps.superAdminClickTheLogoutButton()&amp#27;[0m
]]></system-out>
    <system-err><![CDATA[Starting ChromeDriver 109.0.5414.74 (e7c5703604daa9cc128ccf5a5d3e993513758913-refs/branch-heads/5414@{#1172}) on port 53393
Only local connections are allowed.
Please see https://chromedriver.chromium.org/security-considerations for suggestions on keeping ChromeDriver safe.
ChromeDriver was started successfully.
Mar 20, 2023 7:45:01 AM org.openqa.selenium.remote.ProtocolHandshake createSession
INFO: Detected dialect: W3C
Mar 20, 2023 7:45:01 AM org.openqa.selenium.devtools.CdpVersionFinder findNearestMatch
WARNING: Unable to find an exact match for CDP version 109, so returning the closest version found: a no-op implementation
Mar 20, 2023 7:45:01 AM org.openqa.selenium.devtools.CdpVersionFinder findNearestMatch
INFO: Unable to find CDP implementation matching 109.
Mar 20, 2023 7:45:01 AM org.openqa.selenium.chromium.ChromiumDriver lambda$new$3
WARNING: Unable to find version of CDP to use for . You may need to include a dependency on a specific version of the CDP using something similar to `org.seleniumhq.selenium:selenium-devtools-v86:4.1.2` where the version ("v86") matches the version of the chromium-based browser you're using and the version number of the artifact is the same as Selenium's.
]]></system-err>
  </testcase>
  <testcase name="When User input &quot;arshidiq500@gmail.com&quot; as userName and input &quot;password&quot; as password" classname="Scenario: Create Mentor" time="0"/>
  <testcase name="Then User already sign in as super admin at management mente website" classname="Scenario: Create Mentor" time="0.008"/>
  <testcase name="And User click button OK" classname="Scenario: Create Mentor" time="0"/>
  <testcase name="And Super admin click the user page" classname="Scenario: Create Mentor" time="0"/>
  <testcase name="And Super admin click text in page user for create new list user" classname="Scenario: Create Mentor" time="0"/>
  <testcase name="And User input name &quot;shidiq6&quot; and email &quot;arshidiq500@gmail.com&quot; and phone number &quot;0895355524717&quot;" classname="Scenario: Create Mentor" time="0"/>
  <testcase name="And User click status &quot;nonActive&quot; and set team &quot;Mentor&quot; and address &quot;JL. Maguwo sleman&quot; and click submit" classname="Scenario: Create Mentor" time="0"/>
  <testcase name="And Super admin click button OK" classname="Scenario: Create Mentor" time="0"/>
  <testcase name="And Super admin click the Logout button" classname="Scenario: Create Mentor" time="0"/>
  <testcase name="" classname="Scenario: Create Mentor" time="1.129"/>
  <testcase name="Given User open management mentee website" classname="Scenario: Create Poeple Skill" time="0">
    <system-out><![CDATA[
  Scenario: Create Mentor                                                                                    &amp#27;[90m# features/SuperAdminShidiq.feature:19&amp#27;[0m
    &amp#27;[32mGiven &amp#27;[0m&amp#27;[32mUser open management mentee website&amp#27;[0m                                                                &amp#27;[90m# SuperAdminSteps.verifyLogin()&amp#27;[0m
    &amp#27;[32mWhen &amp#27;[0m&amp#27;[32mUser input "&amp#27;[0m&amp#27;[32m&amp#27;[1marshidiq500@gmail.com&amp#27;[0m&amp#27;[32m" as userName and input "&amp#27;[0m&amp#27;[32m&amp#27;[1mpassword&amp#27;[0m&amp#27;[32m" as password&amp#27;[0m                     &amp#27;[90m# SuperAdminSteps.inputCredential(String,String)&amp#27;[0m
    &amp#27;[32mThen &amp#27;[0m&amp#27;[32mUser already sign in as super admin at management mente website&amp#27;[0m                                     &amp#27;[90m# SuperAdminSteps.userAlreadySignInAsSuperAdminAtManagementMenteWebsite()&amp#27;[0m
    &amp#27;[32mAnd &amp#27;[0m&amp#27;[32mUser click button OK&amp#27;[0m                                                                                 &amp#27;[90m# SuperAdminSteps.userClickButtonOK()&amp#27;[0m
    &amp#27;[32mAnd &amp#27;[0m&amp#27;[32mSuper admin click the user page&amp#27;[0m                                                                      &amp#27;[90m# SuperAdminSteps.superAdminClickTheUserPage()&amp#27;[0m
    &amp#27;[32mAnd &amp#27;[0m&amp#27;[32mSuper admin click text in page user for create new list user&amp#27;[0m                                         &amp#27;[90m# SuperAdminSteps.superAdminClickTextInPageUserForCreateNewListUser()&amp#27;[0m
    &amp#27;[32mAnd &amp#27;[0m&amp#27;[32mUser input name "&amp#27;[0m&amp#27;[32m&amp#27;[1mshidiq6&amp#27;[0m&amp#27;[32m" and email "&amp#27;[0m&amp#27;[32m&amp#27;[1marshidiq500@gmail.com&amp#27;[0m&amp#27;[32m" and phone number "&amp#27;[0m&amp#27;[32m&amp#27;[1m0895355524717&amp#27;[0m&amp#27;[32m"&amp#27;[0m         &amp#27;[90m# SuperAdminSteps.userInputNameAndEmailAndPhoneNumber(String,String,String)&amp#27;[0m
    &amp#27;[32mAnd &amp#27;[0m&amp#27;[32mUser click status "&amp#27;[0m&amp#27;[32m&amp#27;[1mnonActive&amp#27;[0m&amp#27;[32m" and set team "&amp#27;[0m&amp#27;[32m&amp#27;[1mMentor&amp#27;[0m&amp#27;[32m" and address "&amp#27;[0m&amp#27;[32m&amp#27;[1mJL. Maguwo sleman&amp#27;[0m&amp#27;[32m" and click submit&amp#27;[0m &amp#27;[90m# SuperAdminSteps.userClickStatusAndAndAddressAndClickSubmit(String,String,String)&amp#27;[0m
    &amp#27;[32mAnd &amp#27;[0m&amp#27;[32mSuper admin click button OK&amp#27;[0m                                                                          &amp#27;[90m# SuperAdminSteps.superAdminClickButtonOK()&amp#27;[0m
    &amp#27;[32mAnd &amp#27;[0m&amp#27;[32mSuper admin click the Logout button&amp#27;[0m                                                                  &amp#27;[90m# SuperAdminSteps.superAdminClickTheLogoutButton()&amp#27;[0m
]]></system-out>
    <system-err><![CDATA[Starting ChromeDriver 109.0.5414.74 (e7c5703604daa9cc128ccf5a5d3e993513758913-refs/branch-heads/5414@{#1172}) on port 64270
Only local connections are allowed.
Please see https://chromedriver.chromium.org/security-considerations for suggestions on keeping ChromeDriver safe.
ChromeDriver was started successfully.
Mar 20, 2023 7:45:51 AM org.openqa.selenium.remote.ProtocolHandshake createSession
INFO: Detected dialect: W3C
Mar 20, 2023 7:45:51 AM org.openqa.selenium.devtools.CdpVersionFinder findNearestMatch
WARNING: Unable to find an exact match for CDP version 109, so returning the closest version found: a no-op implementation
Mar 20, 2023 7:45:51 AM org.openqa.selenium.devtools.CdpVersionFinder findNearestMatch
INFO: Unable to find CDP implementation matching 109.
Mar 20, 2023 7:45:51 AM org.openqa.selenium.chromium.ChromiumDriver lambda$new$3
WARNING: Unable to find version of CDP to use for . You may need to include a dependency on a specific version of the CDP using something similar to `org.seleniumhq.selenium:selenium-devtools-v86:4.1.2` where the version ("v86") matches the version of the chromium-based browser you're using and the version number of the artifact is the same as Selenium's.
]]></system-err>
  </testcase>
  <testcase name="When User input &quot;arshidiq500@gmail.com&quot; as userName and input &quot;password&quot; as password" classname="Scenario: Create Poeple Skill" time="0"/>
  <testcase name="Then User already sign in as super admin at management mente website" classname="Scenario: Create Poeple Skill" time="0"/>
  <testcase name="And User click button OK" classname="Scenario: Create Poeple Skill" time="0"/>
  <testcase name="And Super admin click the user page" classname="Scenario: Create Poeple Skill" time="0"/>
  <testcase name="And Super admin click text in page user for create new list user" classname="Scenario: Create Poeple Skill" time="0"/>
  <testcase name="And User input name &quot;shidiq6&quot; and email &quot;arshidiq500@gmail.com&quot; and phone number &quot;0895355524717&quot;" classname="Scenario: Create Poeple Skill" time="0"/>
  <testcase name="And User click status &quot;nonActive&quot; and set team &quot;Poeple Skill&quot; and address &quot;JL. Maguwo sleman&quot; and click submit" classname="Scenario: Create Poeple Skill" time="0"/>
  <testcase name="And Super admin click button OK" classname="Scenario: Create Poeple Skill" time="0"/>
  <testcase name="And Super admin click the Logout button" classname="Scenario: Create Poeple Skill" time="0"/>
  <testcase name="" classname="Scenario: Create Poeple Skill" time="1.111"/>
  <testcase name="Given User open management mentee website" classname="Scenario: Update data" time="0">
    <system-out><![CDATA[
  @Defect
  Scenario: Create Poeple Skill                                                                                    &amp#27;[90m# features/SuperAdminShidiq.feature:33&amp#27;[0m
    &amp#27;[32mGiven &amp#27;[0m&amp#27;[32mUser open management mentee website&amp#27;[0m                                                                      &amp#27;[90m# SuperAdminSteps.verifyLogin()&amp#27;[0m
    &amp#27;[32mWhen &amp#27;[0m&amp#27;[32mUser input "&amp#27;[0m&amp#27;[32m&amp#27;[1marshidiq500@gmail.com&amp#27;[0m&amp#27;[32m" as userName and input "&amp#27;[0m&amp#27;[32m&amp#27;[1mpassword&amp#27;[0m&amp#27;[32m" as password&amp#27;[0m                           &amp#27;[90m# SuperAdminSteps.inputCredential(String,String)&amp#27;[0m
    &amp#27;[32mThen &amp#27;[0m&amp#27;[32mUser already sign in as super admin at management mente website&amp#27;[0m                                           &amp#27;[90m# SuperAdminSteps.userAlreadySignInAsSuperAdminAtManagementMenteWebsite()&amp#27;[0m
    &amp#27;[32mAnd &amp#27;[0m&amp#27;[32mUser click button OK&amp#27;[0m                                                                                       &amp#27;[90m# SuperAdminSteps.userClickButtonOK()&amp#27;[0m
    &amp#27;[32mAnd &amp#27;[0m&amp#27;[32mSuper admin click the user page&amp#27;[0m                                                                            &amp#27;[90m# SuperAdminSteps.superAdminClickTheUserPage()&amp#27;[0m
    &amp#27;[32mAnd &amp#27;[0m&amp#27;[32mSuper admin click text in page user for create new list user&amp#27;[0m                                               &amp#27;[90m# SuperAdminSteps.superAdminClickTextInPageUserForCreateNewListUser()&amp#27;[0m
    &amp#27;[32mAnd &amp#27;[0m&amp#27;[32mUser input name "&amp#27;[0m&amp#27;[32m&amp#27;[1mshidiq6&amp#27;[0m&amp#27;[32m" and email "&amp#27;[0m&amp#27;[32m&amp#27;[1marshidiq500@gmail.com&amp#27;[0m&amp#27;[32m" and phone number "&amp#27;[0m&amp#27;[32m&amp#27;[1m0895355524717&amp#27;[0m&amp#27;[32m"&amp#27;[0m               &amp#27;[90m# SuperAdminSteps.userInputNameAndEmailAndPhoneNumber(String,String,String)&amp#27;[0m
    &amp#27;[32mAnd &amp#27;[0m&amp#27;[32mUser click status "&amp#27;[0m&amp#27;[32m&amp#27;[1mnonActive&amp#27;[0m&amp#27;[32m" and set team "&amp#27;[0m&amp#27;[32m&amp#27;[1mPoeple Skill&amp#27;[0m&amp#27;[32m" and address "&amp#27;[0m&amp#27;[32m&amp#27;[1mJL. Maguwo sleman&amp#27;[0m&amp#27;[32m" and click submit&amp#27;[0m &amp#27;[90m# SuperAdminSteps.userClickStatusAndAndAddressAndClickSubmit(String,String,String)&amp#27;[0m
    &amp#27;[32mAnd &amp#27;[0m&amp#27;[32mSuper admin click button OK&amp#27;[0m                                                                                &amp#27;[90m# SuperAdminSteps.superAdminClickButtonOK()&amp#27;[0m
    &amp#27;[32mAnd &amp#27;[0m&amp#27;[32mSuper admin click the Logout button&amp#27;[0m                                                                        &amp#27;[90m# SuperAdminSteps.superAdminClickTheLogoutButton()&amp#27;[0m
]]></system-out>
    <system-err><![CDATA[Starting ChromeDriver 109.0.5414.74 (e7c5703604daa9cc128ccf5a5d3e993513758913-refs/branch-heads/5414@{#1172}) on port 52756
Only local connections are allowed.
Please see https://chromedriver.chromium.org/security-considerations for suggestions on keeping ChromeDriver safe.
ChromeDriver was started successfully.
Mar 20, 2023 7:46:43 AM org.openqa.selenium.remote.ProtocolHandshake createSession
INFO: Detected dialect: W3C
Mar 20, 2023 7:46:43 AM org.openqa.selenium.devtools.CdpVersionFinder findNearestMatch
WARNING: Unable to find an exact match for CDP version 109, so returning the closest version found: a no-op implementation
Mar 20, 2023 7:46:43 AM org.openqa.selenium.devtools.CdpVersionFinder findNearestMatch
INFO: Unable to find CDP implementation matching 109.
Mar 20, 2023 7:46:43 AM org.openqa.selenium.chromium.ChromiumDriver lambda$new$3
WARNING: Unable to find version of CDP to use for . You may need to include a dependency on a specific version of the CDP using something similar to `org.seleniumhq.selenium:selenium-devtools-v86:4.1.2` where the version ("v86") matches the version of the chromium-based browser you're using and the version number of the artifact is the same as Selenium's.
]]></system-err>
  </testcase>
  <testcase name="When User input &quot;arshidiq500@gmail.com&quot; as userName and input &quot;password&quot; as password" classname="Scenario: Update data" time="0"/>
  <testcase name="Then User already sign in as super admin at management mente website" classname="Scenario: Update data" time="0"/>
  <testcase name="And User click button OK" classname="Scenario: Update data" time="0"/>
  <testcase name="And Super admin click the user page" classname="Scenario: Update data" time="0"/>
  <testcase name="And Super admin to update data by clicking on the action button with a pencil icon for update data" classname="Scenario: Update data" time="0"/>
  <testcase name="And Super admin click the Logout button" classname="Scenario: Update data" time="0"/>
  <testcase name="" classname="Scenario: Update data" time="1.117"/>
  <testcase name="Given User open management mentee website" classname="Scenario: Delete data" time="0">
    <system-out><![CDATA[
  @Defect
  Scenario: Update data                                                                                &amp#27;[90m# features/SuperAdminShidiq.feature:46&amp#27;[0m
    &amp#27;[32mGiven &amp#27;[0m&amp#27;[32mUser open management mentee website&amp#27;[0m                                                          &amp#27;[90m# SuperAdminSteps.verifyLogin()&amp#27;[0m
    &amp#27;[32mWhen &amp#27;[0m&amp#27;[32mUser input "&amp#27;[0m&amp#27;[32m&amp#27;[1marshidiq500@gmail.com&amp#27;[0m&amp#27;[32m" as userName and input "&amp#27;[0m&amp#27;[32m&amp#27;[1mpassword&amp#27;[0m&amp#27;[32m" as password&amp#27;[0m               &amp#27;[90m# SuperAdminSteps.inputCredential(String,String)&amp#27;[0m
    &amp#27;[32mThen &amp#27;[0m&amp#27;[32mUser already sign in as super admin at management mente website&amp#27;[0m                               &amp#27;[90m# SuperAdminSteps.userAlreadySignInAsSuperAdminAtManagementMenteWebsite()&amp#27;[0m
    &amp#27;[32mAnd &amp#27;[0m&amp#27;[32mUser click button OK&amp#27;[0m                                                                           &amp#27;[90m# SuperAdminSteps.userClickButtonOK()&amp#27;[0m
    &amp#27;[32mAnd &amp#27;[0m&amp#27;[32mSuper admin click the user page&amp#27;[0m                                                                &amp#27;[90m# SuperAdminSteps.superAdminClickTheUserPage()&amp#27;[0m
    &amp#27;[32mAnd &amp#27;[0m&amp#27;[32mSuper admin to update data by clicking on the action button with a pencil icon for update data&amp#27;[0m &amp#27;[90m# SuperAdminSteps.superAdminToUpdateDataByClickingOnTheActionButtonWithAPencilIcon()&amp#27;[0m
    &amp#27;[32mAnd &amp#27;[0m&amp#27;[32mSuper admin click the Logout button&amp#27;[0m                                                            &amp#27;[90m# SuperAdminSteps.superAdminClickTheLogoutButton()&amp#27;[0m
]]></system-out>
    <system-err><![CDATA[Starting ChromeDriver 109.0.5414.74 (e7c5703604daa9cc128ccf5a5d3e993513758913-refs/branch-heads/5414@{#1172}) on port 57932
Only local connections are allowed.
Please see https://chromedriver.chromium.org/security-considerations for suggestions on keeping ChromeDriver safe.
ChromeDriver was started successfully.
Mar 20, 2023 7:47:10 AM org.openqa.selenium.remote.ProtocolHandshake createSession
INFO: Detected dialect: W3C
Mar 20, 2023 7:47:10 AM org.openqa.selenium.devtools.CdpVersionFinder findNearestMatch
WARNING: Unable to find an exact match for CDP version 109, so returning the closest version found: a no-op implementation
Mar 20, 2023 7:47:10 AM org.openqa.selenium.devtools.CdpVersionFinder findNearestMatch
INFO: Unable to find CDP implementation matching 109.
Mar 20, 2023 7:47:10 AM org.openqa.selenium.chromium.ChromiumDriver lambda$new$3
WARNING: Unable to find version of CDP to use for . You may need to include a dependency on a specific version of the CDP using something similar to `org.seleniumhq.selenium:selenium-devtools-v86:4.1.2` where the version ("v86") matches the version of the chromium-based browser you're using and the version number of the artifact is the same as Selenium's.
]]></system-err>
  </testcase>
  <testcase name="When User input &quot;arshidiq500@gmail.com&quot; as userName and input &quot;password&quot; as password" classname="Scenario: Delete data" time="0"/>
  <testcase name="Then User already sign in as super admin at management mente website" classname="Scenario: Delete data" time="0"/>
  <testcase name="And User click button OK" classname="Scenario: Delete data" time="0"/>
  <testcase name="And Super admin click the user page" classname="Scenario: Delete data" time="0"/>
  <testcase name="And Super admin to deleting data by clicking on the action button with a pencil icon for delete data" classname="Scenario: Delete data" time="0"/>
  <testcase name="And Super admin click the Logout button" classname="Scenario: Delete data" time="0"/>
  <testcase name="" classname="Scenario: Delete data" time="1.112"/>
  <testcase name="Given User open the website management mentee" classname="Scenario: Valid login" time="0">
    <system-out><![CDATA[
  @Defect
  Scenario: Delete data                                                                                  &amp#27;[90m# features/SuperAdminShidiq.feature:56&amp#27;[0m
    &amp#27;[32mGiven &amp#27;[0m&amp#27;[32mUser open management mentee website&amp#27;[0m                                                            &amp#27;[90m# SuperAdminSteps.verifyLogin()&amp#27;[0m
    &amp#27;[32mWhen &amp#27;[0m&amp#27;[32mUser input "&amp#27;[0m&amp#27;[32m&amp#27;[1marshidiq500@gmail.com&amp#27;[0m&amp#27;[32m" as userName and input "&amp#27;[0m&amp#27;[32m&amp#27;[1mpassword&amp#27;[0m&amp#27;[32m" as password&amp#27;[0m                 &amp#27;[90m# SuperAdminSteps.inputCredential(String,String)&amp#27;[0m
    &amp#27;[32mThen &amp#27;[0m&amp#27;[32mUser already sign in as super admin at management mente website&amp#27;[0m                                 &amp#27;[90m# SuperAdminSteps.userAlreadySignInAsSuperAdminAtManagementMenteWebsite()&amp#27;[0m
    &amp#27;[32mAnd &amp#27;[0m&amp#27;[32mUser click button OK&amp#27;[0m                                                                             &amp#27;[90m# SuperAdminSteps.userClickButtonOK()&amp#27;[0m
    &amp#27;[32mAnd &amp#27;[0m&amp#27;[32mSuper admin click the user page&amp#27;[0m                                                                  &amp#27;[90m# SuperAdminSteps.superAdminClickTheUserPage()&amp#27;[0m
    &amp#27;[32mAnd &amp#27;[0m&amp#27;[32mSuper admin to deleting data by clicking on the action button with a pencil icon for delete data&amp#27;[0m &amp#27;[90m# SuperAdminSteps.superAdminToDeleteDataByClickingOnTheActionButtonWithAPencilIcon()&amp#27;[0m
    &amp#27;[32mAnd &amp#27;[0m&amp#27;[32mSuper admin click the Logout button&amp#27;[0m                                                              &amp#27;[90m# SuperAdminSteps.superAdminClickTheLogoutButton()&amp#27;[0m
@ManagementMentee @UserAlia
Feature: Attempt to login in Management Mentee
]]></system-out>
    <system-err><![CDATA[Starting ChromeDriver 109.0.5414.74 (e7c5703604daa9cc128ccf5a5d3e993513758913-refs/branch-heads/5414@{#1172}) on port 57995
Only local connections are allowed.
Please see https://chromedriver.chromium.org/security-considerations for suggestions on keeping ChromeDriver safe.
ChromeDriver was started successfully.
Mar 20, 2023 7:47:38 AM org.openqa.selenium.remote.ProtocolHandshake createSession
INFO: Detected dialect: W3C
Mar 20, 2023 7:47:38 AM org.openqa.selenium.devtools.CdpVersionFinder findNearestMatch
WARNING: Unable to find an exact match for CDP version 109, so returning the closest version found: a no-op implementation
Mar 20, 2023 7:47:38 AM org.openqa.selenium.devtools.CdpVersionFinder findNearestMatch
INFO: Unable to find CDP implementation matching 109.
Mar 20, 2023 7:47:38 AM org.openqa.selenium.chromium.ChromiumDriver lambda$new$3
WARNING: Unable to find version of CDP to use for . You may need to include a dependency on a specific version of the CDP using something similar to `org.seleniumhq.selenium:selenium-devtools-v86:4.1.2` where the version ("v86") matches the version of the chromium-based browser you're using and the version number of the artifact is the same as Selenium's.
]]></system-err>
  </testcase>
  <testcase name="Given User open the website management mentee" classname="Scenario: Valid login" time="0">
    <system-out><![CDATA[
  #  @Defect
  #  Scenario: Valid Update
  #    Given User open the website management mentee
  #    When User input "tomas@gmail.com" as userName and input "12345" as password
  #    Then User already sign in as user at management mente website
  #    And User click button OK
  #    When User Click User Menu
  #    When User Click button action
  #    And Validate user in List user page
  @Update @Positive @ByUser
  Scenario: Edit Class                                                          &amp#27;[90m# features/UserAlia.feature:37&amp#27;[0m
    &amp#27;[32mGiven &amp#27;[0m&amp#27;[32mUser open the website management mentee&amp#27;[0m                               &amp#27;[90m# UserAliaSteps.userOpenTheWebsiteManagementMentee()&amp#27;[0m
    &amp#27;[32mWhen &amp#27;[0m&amp#27;[32mUser input "&amp#27;[0m&amp#27;[32m&amp#27;[1mtomas@gmail.com&amp#27;[0m&amp#27;[32m" as userName and input "&amp#27;[0m&amp#27;[32m&amp#27;[1m12345&amp#27;[0m&amp#27;[32m" as password&amp#27;[0m &amp#27;[90m# SuperAdminSteps.inputCredential(String,String)&amp#27;[0m
    &amp#27;[32mThen &amp#27;[0m&amp#27;[32mUser already sign in as user at management mente website&amp#27;[0m               &amp#27;[90m# UserAliaSteps.userAlreadySignInAsUserAdminAtManagementMenteWebsite()&amp#27;[0m
    &amp#27;[32mAnd &amp#27;[0m&amp#27;[32mUser click button OK&amp#27;[0m                                                    &amp#27;[90m# SuperAdminSteps.userClickButtonOK()&amp#27;[0m
    &amp#27;[32mWhen &amp#27;[0m&amp#27;[32mUser Click Class&amp#27;[0m                                                       &amp#27;[90m# UserAliaSteps.userClickClassMenu()&amp#27;[0m
    &amp#27;[32mAnd &amp#27;[0m&amp#27;[32mUser Click pencil&amp#27;[0m                                                       &amp#27;[90m# UserAliaSteps.userClickPencilIcon()&amp#27;[0m
    &amp#27;[32mWhen &amp#27;[0m&amp#27;[32mUser input "&amp#27;[0m&amp#27;[32m&amp#27;[1mTest nama class&amp#27;[0m&amp#27;[32m" as Classname&amp#27;[0m                              &amp#27;[90m# UserAliaSteps.userInputAsUserNameAndInputAsPassword(String)&amp#27;[0m
    &amp#27;[32mAnd &amp#27;[0m&amp#27;[32mUser click submit&amp#27;[0m                                                       &amp#27;[90m# UserAliaSteps.userClickSubmit()&amp#27;[0m
@ManagementMentee @UserIca
Feature: User could create class edit class and delete class
]]></system-out>
    <system-err><![CDATA[Starting ChromeDriver 109.0.5414.74 (e7c5703604daa9cc128ccf5a5d3e993513758913-refs/branch-heads/5414@{#1172}) on port 61213
Only local connections are allowed.
Please see https://chromedriver.chromium.org/security-considerations for suggestions on keeping ChromeDriver safe.
ChromeDriver was started successfully.
Mar 20, 2023 7:49:02 AM org.openqa.selenium.remote.ProtocolHandshake createSession
INFO: Detected dialect: W3C
Mar 20, 2023 7:49:02 AM org.openqa.selenium.devtools.CdpVersionFinder findNearestMatch
WARNING: Unable to find an exact match for CDP version 109, so returning the closest version found: a no-op implementation
Mar 20, 2023 7:49:02 AM org.openqa.selenium.devtools.CdpVersionFinder findNearestMatch
INFO: Unable to find CDP implementation matching 109.
Mar 20, 2023 7:49:02 AM org.openqa.selenium.chromium.ChromiumDriver lambda$new$3
WARNING: Unable to find version of CDP to use for . You may need to include a dependency on a specific version of the CDP using something similar to `org.seleniumhq.selenium:selenium-devtools-v86:4.1.2` where the version ("v86") matches the version of the chromium-based browser you're using and the version number of the artifact is the same as Selenium's.
]]></system-err>
  </testcase>
  <testcase name="When User input &quot;tomas@gmail.com&quot; as userName and input &quot;12345&quot; as password" classname="Scenario: Valid login" time="0"/>
  <testcase name="When User input &quot;tomas@gmail.com&quot; as userName and input &quot;12345&quot; as password" classname="Scenario: Valid login" time="0"/>
  <testcase name="Then User already sign in as user at management mente website" classname="Scenario: Valid login" time="0"/>
  <testcase name="Then User already sign in as user at management mente website" classname="Scenario: Valid login" time="0"/>
  <testcase name="And User click button OK" classname="Scenario: Valid login" time="0"/>
  <testcase name="And User click button OK" classname="Scenario: Valid login" time="0"/>
  <testcase name="" classname="Scenario: Valid login" time="1.123"/>
  <testcase name="" classname="Scenario: Valid login" time="1.105"/>
  <testcase name="When User Click Class" classname="Scenario: Valid login" time="0"/>
  <testcase name="Then User add new class" classname="Scenario: Valid login" time="0"/>
  <testcase name="And Input name &quot;Data Base 1&quot; date start &quot;16/03/2023&quot; date graduate &quot;18/03/2023&quot;" classname="Scenario: Valid login" time="0"/>
  <testcase name="And mentor &quot;tomasss&quot;" classname="Scenario: Valid login" time="0"/>
  <testcase name="Then Should appear &quot;Add New Class Success!&quot;" classname="Scenario: Valid login" time="0"/>
  <testcase name="And Click Oke" classname="Scenario: Valid login" time="0"/>
  <testcase name="Given User open the website management mentee" classname="| xxx@gmail.com | 123 | Wrong Username or Password |" time="0">
    <system-out><![CDATA[
  @LoginAlia
  Scenario: Valid login                                                         &amp#27;[90m# features/UserAlia.feature:5&amp#27;[0m
    &amp#27;[32mGiven &amp#27;[0m&amp#27;[32mUser open the website management mentee&amp#27;[0m                               &amp#27;[90m# UserAliaSteps.userOpenTheWebsiteManagementMentee()&amp#27;[0m
    &amp#27;[32mWhen &amp#27;[0m&amp#27;[32mUser input "&amp#27;[0m&amp#27;[32m&amp#27;[1mtomas@gmail.com&amp#27;[0m&amp#27;[32m" as userName and input "&amp#27;[0m&amp#27;[32m&amp#27;[1m12345&amp#27;[0m&amp#27;[32m" as password&amp#27;[0m &amp#27;[90m# SuperAdminSteps.inputCredential(String,String)&amp#27;[0m
    &amp#27;[32mThen &amp#27;[0m&amp#27;[32mUser already sign in as user at management mente website&amp#27;[0m               &amp#27;[90m# UserAliaSteps.userAlreadySignInAsUserAdminAtManagementMenteWebsite()&amp#27;[0m
    &amp#27;[32mAnd &amp#27;[0m&amp#27;[32mUser click button OK&amp#27;[0m                                                    &amp#27;[90m# SuperAdminSteps.userClickButtonOK()&amp#27;[0m

  @LoginAlia @Negative @ByUser
  Scenario Outline: Invalid Login                                               &amp#27;[90m# features/UserAlia.feature:16&amp#27;[0m
    &amp#27;[36mGiven &amp#27;[0m&amp#27;[36mUser open the website management mentee&amp#27;[0m
    &amp#27;[36mWhen &amp#27;[0m&amp#27;[36mUser input "<userName>" as userName and input "<password>" as password&amp#27;[0m
    &amp#27;[36mThen &amp#27;[0m&amp#27;[36mUser see error "<errorText>" on login page&amp#27;[0m

    Examples: 
]]></system-out>
    <system-err><![CDATA[Starting ChromeDriver 109.0.5414.74 (e7c5703604daa9cc128ccf5a5d3e993513758913-refs/branch-heads/5414@{#1172}) on port 59938
Only local connections are allowed.
Please see https://chromedriver.chromium.org/security-considerations for suggestions on keeping ChromeDriver safe.
ChromeDriver was started successfully.
Mar 20, 2023 7:47:56 AM org.openqa.selenium.remote.ProtocolHandshake createSession
INFO: Detected dialect: W3C
Mar 20, 2023 7:47:56 AM org.openqa.selenium.devtools.CdpVersionFinder findNearestMatch
WARNING: Unable to find an exact match for CDP version 109, so returning the closest version found: a no-op implementation
Mar 20, 2023 7:47:56 AM org.openqa.selenium.devtools.CdpVersionFinder findNearestMatch
INFO: Unable to find CDP implementation matching 109.
Mar 20, 2023 7:47:56 AM org.openqa.selenium.chromium.ChromiumDriver lambda$new$3
WARNING: Unable to find version of CDP to use for . You may need to include a dependency on a specific version of the CDP using something similar to `org.seleniumhq.selenium:selenium-devtools-v86:4.1.2` where the version ("v86") matches the version of the chromium-based browser you're using and the version number of the artifact is the same as Selenium's.
]]></system-err>
  </testcase>
  <testcase name="When User input &quot;xxx@gmail.com&quot; as userName and input &quot;123&quot; as password" classname="| xxx@gmail.com | 123 | Wrong Username or Password |" time="0"/>
  <testcase name="Then User see error &quot;Wrong Username or Password&quot; on login page" classname="| xxx@gmail.com | 123 | Wrong Username or Password |" time="0"/>
  <testcase name="" classname="| xxx@gmail.com | 123 | Wrong Username or Password |" time="1.113"/>
  <testcase name="Given User open the website management mentee" classname="Scenario: Edit Class" time="0">
    <system-out><![CDATA[
  @ManagementMentee @ByUser @UserAlia @LoginAlia @Negative
  Scenario Outline: Invalid Login                                           &amp#27;[90m# features/UserAlia.feature:22&amp#27;[0m
    &amp#27;[32mGiven &amp#27;[0m&amp#27;[32mUser open the website management mentee&amp#27;[0m                           &amp#27;[90m# UserAliaSteps.userOpenTheWebsiteManagementMentee()&amp#27;[0m
    &amp#27;[32mWhen &amp#27;[0m&amp#27;[32mUser input "&amp#27;[0m&amp#27;[32m&amp#27;[1mxxx@gmail.com&amp#27;[0m&amp#27;[32m" as userName and input "&amp#27;[0m&amp#27;[32m&amp#27;[1m123&amp#27;[0m&amp#27;[32m" as password&amp#27;[0m &amp#27;[90m# SuperAdminSteps.inputCredential(String,String)&amp#27;[0m
    &amp#27;[32mThen &amp#27;[0m&amp#27;[32mUser see error "&amp#27;[0m&amp#27;[32m&amp#27;[1mWrong Username or Password&amp#27;[0m&amp#27;[32m" on login page&amp#27;[0m          &amp#27;[90m# UserAliaSteps.verifyErrorText(String)&amp#27;[0m
]]></system-out>
    <system-err><![CDATA[Starting ChromeDriver 109.0.5414.74 (e7c5703604daa9cc128ccf5a5d3e993513758913-refs/branch-heads/5414@{#1172}) on port 64302
Only local connections are allowed.
Please see https://chromedriver.chromium.org/security-considerations for suggestions on keeping ChromeDriver safe.
ChromeDriver was started successfully.
Mar 20, 2023 7:48:18 AM org.openqa.selenium.remote.ProtocolHandshake createSession
INFO: Detected dialect: W3C
Mar 20, 2023 7:48:18 AM org.openqa.selenium.devtools.CdpVersionFinder findNearestMatch
WARNING: Unable to find an exact match for CDP version 109, so returning the closest version found: a no-op implementation
Mar 20, 2023 7:48:18 AM org.openqa.selenium.devtools.CdpVersionFinder findNearestMatch
INFO: Unable to find CDP implementation matching 109.
Mar 20, 2023 7:48:18 AM org.openqa.selenium.chromium.ChromiumDriver lambda$new$3
WARNING: Unable to find version of CDP to use for . You may need to include a dependency on a specific version of the CDP using something similar to `org.seleniumhq.selenium:selenium-devtools-v86:4.1.2` where the version ("v86") matches the version of the chromium-based browser you're using and the version number of the artifact is the same as Selenium's.
]]></system-err>
  </testcase>
  <testcase name="When User input &quot;tomas@gmail.com&quot; as userName and input &quot;12345&quot; as password" classname="Scenario: Edit Class" time="0"/>
  <testcase name="Then User already sign in as user at management mente website" classname="Scenario: Edit Class" time="0"/>
  <testcase name="And User click button OK" classname="Scenario: Edit Class" time="0"/>
  <testcase name="When User Click Class" classname="Scenario: Edit Class" time="0"/>
  <testcase name="And User Click pencil" classname="Scenario: Edit Class" time="0"/>
  <testcase name="When User input &quot;Test nama class&quot; as Classname" classname="Scenario: Edit Class" time="0"/>
  <testcase name="And User click submit" classname="Scenario: Edit Class" time="0"/>
  <testcase name="" classname="Scenario: Edit Class" time="1.124"/>
  <testcase name="Given User open the website management mentee" classname="Scenario: User create class with unfilled data" time="0">
    <system-out><![CDATA[
  @CreateNewClass
  Scenario: Valid login                                                             &amp#27;[90m# features/UserIca.feature:5&amp#27;[0m
    &amp#27;[32mGiven &amp#27;[0m&amp#27;[32mUser open the website management mentee&amp#27;[0m                                   &amp#27;[90m# UserAliaSteps.userOpenTheWebsiteManagementMentee()&amp#27;[0m
    &amp#27;[32mWhen &amp#27;[0m&amp#27;[32mUser input "&amp#27;[0m&amp#27;[32m&amp#27;[1mtomas@gmail.com&amp#27;[0m&amp#27;[32m" as userName and input "&amp#27;[0m&amp#27;[32m&amp#27;[1m12345&amp#27;[0m&amp#27;[32m" as password&amp#27;[0m     &amp#27;[90m# SuperAdminSteps.inputCredential(String,String)&amp#27;[0m
    &amp#27;[32mThen &amp#27;[0m&amp#27;[32mUser already sign in as user at management mente website&amp#27;[0m                   &amp#27;[90m# UserAliaSteps.userAlreadySignInAsUserAdminAtManagementMenteWebsite()&amp#27;[0m
    &amp#27;[32mAnd &amp#27;[0m&amp#27;[32mUser click button OK&amp#27;[0m                                                        &amp#27;[90m# SuperAdminSteps.userClickButtonOK()&amp#27;[0m
    &amp#27;[32mWhen &amp#27;[0m&amp#27;[32mUser Click Class&amp#27;[0m                                                           &amp#27;[90m# UserAliaSteps.userClickClassMenu()&amp#27;[0m
    &amp#27;[32mThen &amp#27;[0m&amp#27;[32mUser add new class&amp#27;[0m                                                         &amp#27;[90m# UserIcaSteps.userAddNewClass()&amp#27;[0m
    &amp#27;[32mAnd &amp#27;[0m&amp#27;[32mInput name "&amp#27;[0m&amp#27;[32m&amp#27;[1mData Base 1&amp#27;[0m&amp#27;[32m" date start "&amp#27;[0m&amp#27;[32m&amp#27;[1m16/03/2023&amp#27;[0m&amp#27;[32m" date graduate "&amp#27;[0m&amp#27;[32m&amp#27;[1m18/03/2023&amp#27;[0m&amp#27;[32m"&amp#27;[0m &amp#27;[90m# UserIcaSteps.inputNameDateStartDateGraduateAndMentor(String,String,String)&amp#27;[0m
    &amp#27;[32mAnd &amp#27;[0m&amp#27;[32mmentor "&amp#27;[0m&amp#27;[32m&amp#27;[1mtomasss&amp#27;[0m&amp#27;[32m"&amp#27;[0m                                                            &amp#27;[90m# UserIcaSteps.mentor(String)&amp#27;[0m
    &amp#27;[32mThen &amp#27;[0m&amp#27;[32mShould appear "&amp#27;[0m&amp#27;[32m&amp#27;[1mAdd New Class Success!&amp#27;[0m&amp#27;[32m"&amp#27;[0m                                     &amp#27;[90m# UserIcaSteps.shouldAppearAddNewClassSuccess(String)&amp#27;[0m
    &amp#27;[32mAnd &amp#27;[0m&amp#27;[32mClick Oke&amp#27;[0m                                                                   &amp#27;[90m# UserIcaSteps.clickOke()&amp#27;[0m
]]></system-out>
    <system-err><![CDATA[Starting ChromeDriver 109.0.5414.74 (e7c5703604daa9cc128ccf5a5d3e993513758913-refs/branch-heads/5414@{#1172}) on port 64929
Only local connections are allowed.
Please see https://chromedriver.chromium.org/security-considerations for suggestions on keeping ChromeDriver safe.
ChromeDriver was started successfully.
Mar 20, 2023 7:49:41 AM org.openqa.selenium.remote.ProtocolHandshake createSession
INFO: Detected dialect: W3C
Mar 20, 2023 7:49:41 AM org.openqa.selenium.devtools.CdpVersionFinder findNearestMatch
WARNING: Unable to find an exact match for CDP version 109, so returning the closest version found: a no-op implementation
Mar 20, 2023 7:49:41 AM org.openqa.selenium.devtools.CdpVersionFinder findNearestMatch
INFO: Unable to find CDP implementation matching 109.
Mar 20, 2023 7:49:41 AM org.openqa.selenium.chromium.ChromiumDriver lambda$new$3
WARNING: Unable to find version of CDP to use for . You may need to include a dependency on a specific version of the CDP using something similar to `org.seleniumhq.selenium:selenium-devtools-v86:4.1.2` where the version ("v86") matches the version of the chromium-based browser you're using and the version number of the artifact is the same as Selenium's.
]]></system-err>
  </testcase>
  <testcase name="When User input &quot;tomas@gmail.com&quot; as userName and input &quot;12345&quot; as password" classname="Scenario: User create class with unfilled data" time="0"/>
  <testcase name="Then User already sign in as user at management mente website" classname="Scenario: User create class with unfilled data" time="0"/>
  <testcase name="And User click button OK" classname="Scenario: User create class with unfilled data" time="0"/>
  <testcase name="When User Click Class" classname="Scenario: User create class with unfilled data" time="0.001"/>
  <testcase name="Then User add new class" classname="Scenario: User create class with unfilled data" time="0"/>
  <testcase name="And Input name &quot;&quot; date start &quot;&quot; date graduate &quot;&quot;" classname="Scenario: User create class with unfilled data" time="0"/>
  <testcase name="And mentor &quot;&quot;" classname="Scenario: User create class with unfilled data" time="0"/>
  <testcase name="Then Should appear &quot;Failed add new Class&quot;" classname="Scenario: User create class with unfilled data" time="0"/>
  <testcase name="And Click Oke" classname="Scenario: User create class with unfilled data" time="0"/>
  <testcase name="" classname="Scenario: User create class with unfilled data" time="1.106"/>
  <testcase name="Given User open the website management mentee" classname="Scenario: User update with valid data" time="0">
    <system-out><![CDATA[
  @Defect
  Scenario: User create class with unfilled data                                &amp#27;[90m# features/UserIca.feature:18&amp#27;[0m
    &amp#27;[32mGiven &amp#27;[0m&amp#27;[32mUser open the website management mentee&amp#27;[0m                               &amp#27;[90m# UserAliaSteps.userOpenTheWebsiteManagementMentee()&amp#27;[0m
    &amp#27;[32mWhen &amp#27;[0m&amp#27;[32mUser input "&amp#27;[0m&amp#27;[32m&amp#27;[1mtomas@gmail.com&amp#27;[0m&amp#27;[32m" as userName and input "&amp#27;[0m&amp#27;[32m&amp#27;[1m12345&amp#27;[0m&amp#27;[32m" as password&amp#27;[0m &amp#27;[90m# SuperAdminSteps.inputCredential(String,String)&amp#27;[0m
    &amp#27;[32mThen &amp#27;[0m&amp#27;[32mUser already sign in as user at management mente website&amp#27;[0m               &amp#27;[90m# UserAliaSteps.userAlreadySignInAsUserAdminAtManagementMenteWebsite()&amp#27;[0m
    &amp#27;[32mAnd &amp#27;[0m&amp#27;[32mUser click button OK&amp#27;[0m                                                    &amp#27;[90m# SuperAdminSteps.userClickButtonOK()&amp#27;[0m
    &amp#27;[32mWhen &amp#27;[0m&amp#27;[32mUser Click Class&amp#27;[0m                                                       &amp#27;[90m# UserAliaSteps.userClickClassMenu()&amp#27;[0m
    &amp#27;[32mThen &amp#27;[0m&amp#27;[32mUser add new class&amp#27;[0m                                                     &amp#27;[90m# UserIcaSteps.userAddNewClass()&amp#27;[0m
    &amp#27;[32mAnd &amp#27;[0m&amp#27;[32mInput name "&amp#27;[0m&amp#27;[32m&amp#27;[1m&amp#27;[0m&amp#27;[32m" date start "&amp#27;[0m&amp#27;[32m&amp#27;[1m&amp#27;[0m&amp#27;[32m" date graduate "&amp#27;[0m&amp#27;[32m&amp#27;[1m&amp#27;[0m&amp#27;[32m"&amp#27;[0m                            &amp#27;[90m# UserIcaSteps.inputNameDateStartDateGraduateAndMentor(String,String,String)&amp#27;[0m
    &amp#27;[32mAnd &amp#27;[0m&amp#27;[32mmentor "&amp#27;[0m&amp#27;[32m&amp#27;[1m&amp#27;[0m&amp#27;[32m"&amp#27;[0m                                                               &amp#27;[90m# UserIcaSteps.mentor(String)&amp#27;[0m
    &amp#27;[32mThen &amp#27;[0m&amp#27;[32mShould appear "&amp#27;[0m&amp#27;[32m&amp#27;[1mFailed add new Class&amp#27;[0m&amp#27;[32m"&amp#27;[0m                                   &amp#27;[90m# UserIcaSteps.shouldAppearAddNewClassSuccess(String)&amp#27;[0m
    &amp#27;[32mAnd &amp#27;[0m&amp#27;[32mClick Oke&amp#27;[0m                                                               &amp#27;[90m# UserIcaSteps.clickOke()&amp#27;[0m
]]></system-out>
    <system-err><![CDATA[Starting ChromeDriver 109.0.5414.74 (e7c5703604daa9cc128ccf5a5d3e993513758913-refs/branch-heads/5414@{#1172}) on port 61450
Only local connections are allowed.
Please see https://chromedriver.chromium.org/security-considerations for suggestions on keeping ChromeDriver safe.
ChromeDriver was started successfully.
Mar 20, 2023 7:50:21 AM org.openqa.selenium.remote.ProtocolHandshake createSession
INFO: Detected dialect: W3C
Mar 20, 2023 7:50:21 AM org.openqa.selenium.devtools.CdpVersionFinder findNearestMatch
WARNING: Unable to find an exact match for CDP version 109, so returning the closest version found: a no-op implementation
Mar 20, 2023 7:50:21 AM org.openqa.selenium.devtools.CdpVersionFinder findNearestMatch
INFO: Unable to find CDP implementation matching 109.
Mar 20, 2023 7:50:21 AM org.openqa.selenium.chromium.ChromiumDriver lambda$new$3
WARNING: Unable to find version of CDP to use for . You may need to include a dependency on a specific version of the CDP using something similar to `org.seleniumhq.selenium:selenium-devtools-v86:4.1.2` where the version ("v86") matches the version of the chromium-based browser you're using and the version number of the artifact is the same as Selenium's.
]]></system-err>
  </testcase>
  <testcase name="When User input &quot;tomas@gmail.com&quot; as userName and input &quot;12345&quot; as password" classname="Scenario: User update with valid data" time="0"/>
  <testcase name="Then User already sign in as user at management mente website" classname="Scenario: User update with valid data" time="0"/>
  <testcase name="And User click button OK" classname="Scenario: User update with valid data" time="0"/>
  <testcase name="When User Click Class" classname="Scenario: User update with valid data" time="0"/>
  <testcase name="Then User update class" classname="Scenario: User update with valid data" time="0"/>
  <testcase name="And Update by input name &quot;DataB&quot; start date &quot;16/03/2023&quot; and graduation date &quot;18/03/2023&quot;" classname="Scenario: User update with valid data" time="0"/>
  <testcase name="And Update mentor &quot;tomasss&quot;" classname="Scenario: User update with valid data" time="0"/>
  <testcase name="" classname="Scenario: User update with valid data" time="1.109"/>
  <testcase name="Given User open the website management mentee" classname="Scenario: User deleteing valid data" time="0">
    <system-out><![CDATA[
  Scenario: User update with valid data                                                       &amp#27;[90m# features/UserIca.feature:30&amp#27;[0m
    &amp#27;[32mGiven &amp#27;[0m&amp#27;[32mUser open the website management mentee&amp#27;[0m                                             &amp#27;[90m# UserAliaSteps.userOpenTheWebsiteManagementMentee()&amp#27;[0m
    &amp#27;[32mWhen &amp#27;[0m&amp#27;[32mUser input "&amp#27;[0m&amp#27;[32m&amp#27;[1mtomas@gmail.com&amp#27;[0m&amp#27;[32m" as userName and input "&amp#27;[0m&amp#27;[32m&amp#27;[1m12345&amp#27;[0m&amp#27;[32m" as password&amp#27;[0m               &amp#27;[90m# SuperAdminSteps.inputCredential(String,String)&amp#27;[0m
    &amp#27;[32mThen &amp#27;[0m&amp#27;[32mUser already sign in as user at management mente website&amp#27;[0m                             &amp#27;[90m# UserAliaSteps.userAlreadySignInAsUserAdminAtManagementMenteWebsite()&amp#27;[0m
    &amp#27;[32mAnd &amp#27;[0m&amp#27;[32mUser click button OK&amp#27;[0m                                                                  &amp#27;[90m# SuperAdminSteps.userClickButtonOK()&amp#27;[0m
    &amp#27;[32mWhen &amp#27;[0m&amp#27;[32mUser Click Class&amp#27;[0m                                                                     &amp#27;[90m# UserAliaSteps.userClickClassMenu()&amp#27;[0m
    &amp#27;[32mThen &amp#27;[0m&amp#27;[32mUser update class&amp#27;[0m                                                                    &amp#27;[90m# UserIcaSteps.userUpdateClass()&amp#27;[0m
    &amp#27;[32mAnd &amp#27;[0m&amp#27;[32mUpdate by input name "&amp#27;[0m&amp#27;[32m&amp#27;[1mDataB&amp#27;[0m&amp#27;[32m" start date "&amp#27;[0m&amp#27;[32m&amp#27;[1m16/03/2023&amp#27;[0m&amp#27;[32m" and graduation date "&amp#27;[0m&amp#27;[32m&amp#27;[1m18/03/2023&amp#27;[0m&amp#27;[32m"&amp#27;[0m &amp#27;[90m# UserIcaSteps.updateByInputNameStartDateAndGraduationDate(String,String,String)&amp#27;[0m
    &amp#27;[32mAnd &amp#27;[0m&amp#27;[32mUpdate mentor "&amp#27;[0m&amp#27;[32m&amp#27;[1mtomasss&amp#27;[0m&amp#27;[32m"&amp#27;[0m                                                               &amp#27;[90m# UserIcaSteps.mentorUpdate(String)&amp#27;[0m
]]></system-out>
    <system-err><![CDATA[Starting ChromeDriver 109.0.5414.74 (e7c5703604daa9cc128ccf5a5d3e993513758913-refs/branch-heads/5414@{#1172}) on port 54906
Only local connections are allowed.
Please see https://chromedriver.chromium.org/security-considerations for suggestions on keeping ChromeDriver safe.
ChromeDriver was started successfully.
Mar 20, 2023 7:50:59 AM org.openqa.selenium.remote.ProtocolHandshake createSession
INFO: Detected dialect: W3C
Mar 20, 2023 7:50:59 AM org.openqa.selenium.devtools.CdpVersionFinder findNearestMatch
WARNING: Unable to find an exact match for CDP version 109, so returning the closest version found: a no-op implementation
Mar 20, 2023 7:50:59 AM org.openqa.selenium.devtools.CdpVersionFinder findNearestMatch
INFO: Unable to find CDP implementation matching 109.
Mar 20, 2023 7:50:59 AM org.openqa.selenium.chromium.ChromiumDriver lambda$new$3
WARNING: Unable to find version of CDP to use for . You may need to include a dependency on a specific version of the CDP using something similar to `org.seleniumhq.selenium:selenium-devtools-v86:4.1.2` where the version ("v86") matches the version of the chromium-based browser you're using and the version number of the artifact is the same as Selenium's.
]]></system-err>
  </testcase>
  <testcase name="When User input &quot;tomas@gmail.com&quot; as userName and input &quot;12345&quot; as password" classname="Scenario: User deleteing valid data" time="0"/>
  <testcase name="Then User already sign in as user at management mente website" classname="Scenario: User deleteing valid data" time="0"/>
  <testcase name="And User click button OK" classname="Scenario: User deleteing valid data" time="0"/>
  <testcase name="When User Click Class" classname="Scenario: User deleteing valid data" time="0"/>
  <testcase name="Then User Deleting data containing the name aa" classname="Scenario: User deleteing valid data" time="0"/>
  <testcase name="" classname="Scenario: User deleteing valid data" time="1.107"/>
</testsuite>